{"/Users/zeluizr/Sites/vtex-catalog-cloner/src/config/store.ts": {"path":"/Users/zeluizr/Sites/vtex-catalog-cloner/src/config/store.ts","statementMap":{"0":{"start":{"line":21,"column":2},"end":{"line":21,"column":null}},"1":{"start":{"line":25,"column":2},"end":{"line":29,"column":null}},"2":{"start":{"line":26,"column":20},"end":{"line":26,"column":60}},"3":{"start":{"line":27,"column":4},"end":{"line":27,"column":null}},"4":{"start":{"line":29,"column":4},"end":{"line":29,"column":null}},"5":{"start":{"line":34,"column":21},"end":{"line":34,"column":36}},"6":{"start":{"line":35,"column":8},"end":{"line":35,"column":64}},"7":{"start":{"line":36,"column":2},"end":{"line":36,"column":null}},"8":{"start":{"line":37,"column":2},"end":{"line":37,"column":null}}},"fnMap":{"0":{"name":"getConfigPath","decl":{"start":{"line":20,"column":16},"end":{"line":20,"column":40}},"loc":{"start":{"line":20,"column":40},"end":{"line":21,"column":null}},"line":20},"1":{"name":"loadConfig","decl":{"start":{"line":24,"column":22},"end":{"line":24,"column":62}},"loc":{"start":{"line":24,"column":62},"end":{"line":29,"column":null}},"line":24},"2":{"name":"saveConfig","decl":{"start":{"line":33,"column":22},"end":{"line":33,"column":33}},"loc":{"start":{"line":33,"column":67},"end":{"line":37,"column":null}},"line":33}},"branchMap":{},"s":{"0":0,"1":0,"2":0,"3":0,"4":0,"5":0,"6":0,"7":0,"8":0},"f":{"0":0,"1":0,"2":0},"b":{},"meta":{"lastBranch":0,"lastFunction":3,"lastStatement":9,"seen":{"f:20:16:20:40":0,"s:21:2:21:Infinity":0,"f:24:22:24:62":1,"s:25:2:29:Infinity":1,"s:26:20:26:60":2,"s:27:4:27:Infinity":3,"s:29:4:29:Infinity":4,"f:33:22:33:33":2,"s:34:21:34:36":5,"s:35:8:35:64":6,"s:36:2:36:Infinity":7,"s:37:2:37:Infinity":8}}}
,"/Users/zeluizr/Sites/vtex-catalog-cloner/src/lib/id-map.ts": {"path":"/Users/zeluizr/Sites/vtex-catalog-cloner/src/lib/id-map.ts","statementMap":{"0":{"start":{"line":6,"column":51},"end":{"line":6,"column":60}},"1":{"start":{"line":9,"column":4},"end":{"line":10,"column":null}},"2":{"start":{"line":10,"column":6},"end":{"line":10,"column":null}},"3":{"start":{"line":12,"column":4},"end":{"line":12,"column":null}},"4":{"start":{"line":16,"column":4},"end":{"line":16,"column":null}},"5":{"start":{"line":20,"column":15},"end":{"line":20,"column":38}},"6":{"start":{"line":21,"column":4},"end":{"line":22,"column":null}},"7":{"start":{"line":22,"column":6},"end":{"line":22,"column":null}},"8":{"start":{"line":24,"column":4},"end":{"line":24,"column":null}},"9":{"start":{"line":28,"column":33},"end":{"line":28,"column":35}},"10":{"start":{"line":29,"column":4},"end":{"line":30,"column":null}},"11":{"start":{"line":30,"column":6},"end":{"line":30,"column":null}},"12":{"start":{"line":32,"column":4},"end":{"line":32,"column":null}}},"fnMap":{"0":{"name":"(anonymous_0)","decl":{"start":{"line":8,"column":2},"end":{"line":8,"column":6}},"loc":{"start":{"line":8,"column":62},"end":{"line":12,"column":null}},"line":8},"1":{"name":"(anonymous_1)","decl":{"start":{"line":15,"column":2},"end":{"line":15,"column":6}},"loc":{"start":{"line":15,"column":61},"end":{"line":16,"column":null}},"line":15},"2":{"name":"(anonymous_2)","decl":{"start":{"line":19,"column":2},"end":{"line":19,"column":13}},"loc":{"start":{"line":19,"column":56},"end":{"line":24,"column":null}},"line":19},"3":{"name":"(anonymous_3)","decl":{"start":{"line":27,"column":2},"end":{"line":27,"column":26}},"loc":{"start":{"line":27,"column":26},"end":{"line":32,"column":null}},"line":27}},"branchMap":{"0":{"loc":{"start":{"line":9,"column":4},"end":{"line":10,"column":null}},"type":"if","locations":[{"start":{"line":9,"column":4},"end":{"line":10,"column":null}},{"start":{},"end":{}}],"line":9},"1":{"loc":{"start":{"line":21,"column":4},"end":{"line":22,"column":null}},"type":"if","locations":[{"start":{"line":21,"column":4},"end":{"line":22,"column":null}},{"start":{},"end":{}}],"line":21}},"s":{"0":32,"1":40,"2":30,"3":40,"4":34,"5":7,"6":7,"7":1,"8":6,"9":8,"10":8,"11":3,"12":8},"f":{"0":40,"1":34,"2":7,"3":8},"b":{"0":[30,10],"1":[1,6]},"meta":{"lastBranch":2,"lastFunction":4,"lastStatement":13,"seen":{"s:6:51:6:60":0,"f:8:2:8:6":0,"b:9:4:10:Infinity:undefined:undefined:undefined:undefined":0,"s:9:4:10:Infinity":1,"s:10:6:10:Infinity":2,"s:12:4:12:Infinity":3,"f:15:2:15:6":1,"s:16:4:16:Infinity":4,"f:19:2:19:13":2,"s:20:15:20:38":5,"b:21:4:22:Infinity:undefined:undefined:undefined:undefined":1,"s:21:4:22:Infinity":6,"s:22:6:22:Infinity":7,"s:24:4:24:Infinity":8,"f:27:2:27:26":3,"s:28:33:28:35":9,"s:29:4:30:Infinity":10,"s:30:6:30:Infinity":11,"s:32:4:32:Infinity":12}}}
,"/Users/zeluizr/Sites/vtex-catalog-cloner/src/lib/throttle.ts": {"path":"/Users/zeluizr/Sites/vtex-catalog-cloner/src/lib/throttle.ts","statementMap":{"0":{"start":{"line":3,"column":19},"end":{"line":3,"column":null}},"1":{"start":{"line":4,"column":20},"end":{"line":4,"column":null}},"2":{"start":{"line":5,"column":23},"end":{"line":5,"column":null}},"3":{"start":{"line":8,"column":27},"end":{"line":8,"column":null}},"4":{"start":{"line":9,"column":31},"end":{"line":9,"column":41}},"5":{"start":{"line":10,"column":31},"end":{"line":10,"column":null}},"6":{"start":{"line":11,"column":37},"end":{"line":11,"column":39}},"7":{"start":{"line":14,"column":16},"end":{"line":14,"column":26}},"8":{"start":{"line":15,"column":10},"end":{"line":15,"column":null}},"9":{"start":{"line":16,"column":24},"end":{"line":16,"column":null}},"10":{"start":{"line":17,"column":4},"end":{"line":17,"column":null}},"11":{"start":{"line":18,"column":4},"end":{"line":18,"column":null}},"12":{"start":{"line":22,"column":4},"end":{"line":43,"column":null}},"13":{"start":{"line":23,"column":12},"end":{"line":38,"column":null}},"14":{"start":{"line":24,"column":8},"end":{"line":24,"column":null}},"15":{"start":{"line":25,"column":8},"end":{"line":38,"column":null}},"16":{"start":{"line":26,"column":10},"end":{"line":26,"column":null}},"17":{"start":{"line":27,"column":10},"end":{"line":27,"column":null}},"18":{"start":{"line":28,"column":10},"end":{"line":28,"column":null}},"19":{"start":{"line":31,"column":24},"end":{"line":31,"column":null}},"20":{"start":{"line":32,"column":10},"end":{"line":36,"column":null}},"21":{"start":{"line":33,"column":26},"end":{"line":33,"column":56}},"22":{"start":{"line":34,"column":12},"end":{"line":34,"column":null}},"23":{"start":{"line":34,"column":30},"end":{"line":34,"column":null}},"24":{"start":{"line":35,"column":12},"end":{"line":35,"column":null}},"25":{"start":{"line":37,"column":10},"end":{"line":38,"column":null}},"26":{"start":{"line":38,"column":12},"end":{"line":38,"column":null}},"27":{"start":{"line":42,"column":6},"end":{"line":42,"column":null}},"28":{"start":{"line":47,"column":4},"end":{"line":47,"column":null}},"29":{"start":{"line":51,"column":24},"end":{"line":51,"column":38}}},"fnMap":{"0":{"name":"(anonymous_0)","decl":{"start":{"line":13,"column":2},"end":{"line":13,"column":10}},"loc":{"start":{"line":13,"column":25},"end":{"line":18,"column":null}},"line":13},"1":{"name":"(anonymous_1)","decl":{"start":{"line":21,"column":8},"end":{"line":21,"column":33}},"loc":{"start":{"line":21,"column":33},"end":{"line":43,"column":null}},"line":21},"2":{"name":"(anonymous_2)","decl":{"start":{"line":22,"column":15},"end":{"line":22,"column":24}},"loc":{"start":{"line":22,"column":36},"end":{"line":43,"column":null}},"line":22},"3":{"name":"(anonymous_3)","decl":{"start":{"line":23,"column":12},"end":{"line":23,"column":31}},"loc":{"start":{"line":23,"column":31},"end":{"line":38,"column":null}},"line":23},"4":{"name":"(anonymous_4)","decl":{"start":{"line":32,"column":10},"end":{"line":32,"column":27}},"loc":{"start":{"line":32,"column":27},"end":{"line":36,"column":19}},"line":32},"5":{"name":"(anonymous_5)","decl":{"start":{"line":46,"column":2},"end":{"line":46,"column":18}},"loc":{"start":{"line":46,"column":18},"end":{"line":47,"column":null}},"line":46}},"branchMap":{"0":{"loc":{"start":{"line":25,"column":8},"end":{"line":38,"column":null}},"type":"if","locations":[{"start":{"line":25,"column":8},"end":{"line":38,"column":null}},{"start":{"line":29,"column":15},"end":{"line":38,"column":null}}],"line":25},"1":{"loc":{"start":{"line":25,"column":12},"end":{"line":25,"column":66}},"type":"binary-expr","locations":[{"start":{"line":25,"column":12},"end":{"line":25,"column":32}},{"start":{"line":25,"column":32},"end":{"line":25,"column":66}}],"line":25},"2":{"loc":{"start":{"line":31,"column":24},"end":{"line":31,"column":null}},"type":"cond-expr","locations":[{"start":{"line":31,"column":43},"end":{"line":31,"column":66}},{"start":{"line":31,"column":66},"end":{"line":31,"column":null}}],"line":31},"3":{"loc":{"start":{"line":34,"column":12},"end":{"line":34,"column":null}},"type":"if","locations":[{"start":{"line":34,"column":12},"end":{"line":34,"column":null}},{"start":{},"end":{}}],"line":34},"4":{"loc":{"start":{"line":37,"column":10},"end":{"line":38,"column":null}},"type":"if","locations":[{"start":{"line":37,"column":10},"end":{"line":38,"column":null}},{"start":{},"end":{}}],"line":37}},"s":{"0":2,"1":2,"2":2,"3":7,"4":7,"5":7,"6":7,"7":413,"8":413,"9":413,"10":413,"11":413,"12":411,"13":411,"14":413,"15":413,"16":411,"17":411,"18":411,"19":2,"20":2,"21":2,"22":2,"23":2,"24":2,"25":2,"26":2,"27":411,"28":406,"29":2},"f":{"0":413,"1":411,"2":411,"3":413,"4":2,"5":406},"b":{"0":[411,2],"1":[413,412],"2":[1,1],"3":[2,0],"4":[2,0]},"meta":{"lastBranch":5,"lastFunction":6,"lastStatement":30,"seen":{"s:3:19:3:Infinity":0,"s:4:20:4:Infinity":1,"s:5:23:5:Infinity":2,"s:8:27:8:Infinity":3,"s:9:31:9:41":4,"s:10:31:10:Infinity":5,"s:11:37:11:39":6,"f:13:2:13:10":0,"s:14:16:14:26":7,"s:15:10:15:Infinity":8,"s:16:24:16:Infinity":9,"s:17:4:17:Infinity":10,"s:18:4:18:Infinity":11,"f:21:8:21:33":1,"s:22:4:43:Infinity":12,"f:22:15:22:24":2,"s:23:12:38:Infinity":13,"f:23:12:23:31":3,"s:24:8:24:Infinity":14,"b:25:8:38:Infinity:29:15:38:Infinity":0,"s:25:8:38:Infinity":15,"b:25:12:25:32:25:32:25:66":1,"s:26:10:26:Infinity":16,"s:27:10:27:Infinity":17,"s:28:10:28:Infinity":18,"s:31:24:31:Infinity":19,"b:31:43:31:66:31:66:31:Infinity":2,"s:32:10:36:Infinity":20,"f:32:10:32:27":4,"s:33:26:33:56":21,"b:34:12:34:Infinity:undefined:undefined:undefined:undefined":3,"s:34:12:34:Infinity":22,"s:34:30:34:Infinity":23,"s:35:12:35:Infinity":24,"b:37:10:38:Infinity:undefined:undefined:undefined:undefined":4,"s:37:10:38:Infinity":25,"s:38:12:38:Infinity":26,"s:42:6:42:Infinity":27,"f:46:2:46:18":5,"s:47:4:47:Infinity":28,"s:51:24:51:38":29}}}
,"/Users/zeluizr/Sites/vtex-catalog-cloner/src/lib/vtex-client.ts": {"path":"/Users/zeluizr/Sites/vtex-catalog-cloner/src/lib/vtex-client.ts","statementMap":{"0":{"start":{"line":38,"column":27},"end":{"line":38,"column":null}},"1":{"start":{"line":39,"column":20},"end":{"line":39,"column":null}},"2":{"start":{"line":46,"column":4},"end":{"line":46,"column":null}},"3":{"start":{"line":47,"column":4},"end":{"line":51,"column":null}},"4":{"start":{"line":55,"column":4},"end":{"line":55,"column":null}},"5":{"start":{"line":59,"column":4},"end":{"line":59,"column":null}},"6":{"start":{"line":63,"column":4},"end":{"line":63,"column":null}},"7":{"start":{"line":67,"column":4},"end":{"line":67,"column":null}},"8":{"start":{"line":75,"column":4},"end":{"line":75,"column":null}},"9":{"start":{"line":77,"column":4},"end":{"line":111,"column":null}},"10":{"start":{"line":78,"column":25},"end":{"line":78,"column":46}},"11":{"start":{"line":79,"column":24},"end":{"line":79,"column":80}},"12":{"start":{"line":79,"column":41},"end":{"line":79,"column":59}},"13":{"start":{"line":82,"column":6},"end":{"line":89,"column":null}},"14":{"start":{"line":83,"column":8},"end":{"line":87,"column":null}},"15":{"start":{"line":89,"column":8},"end":{"line":89,"column":null}},"16":{"start":{"line":92,"column":6},"end":{"line":97,"column":null}},"17":{"start":{"line":93,"column":27},"end":{"line":93,"column":62}},"18":{"start":{"line":94,"column":23},"end":{"line":94,"column":null}},"19":{"start":{"line":95,"column":8},"end":{"line":95,"column":null}},"20":{"start":{"line":96,"column":8},"end":{"line":96,"column":null}},"21":{"start":{"line":96,"column":39},"end":{"line":96,"column":66}},"22":{"start":{"line":97,"column":8},"end":{"line":97,"column":null}},"23":{"start":{"line":100,"column":6},"end":{"line":102,"column":null}},"24":{"start":{"line":101,"column":21},"end":{"line":101,"column":58}},"25":{"start":{"line":101,"column":55},"end":{"line":101,"column":58}},"26":{"start":{"line":102,"column":8},"end":{"line":102,"column":null}},"27":{"start":{"line":105,"column":6},"end":{"line":106,"column":null}},"28":{"start":{"line":106,"column":8},"end":{"line":106,"column":null}},"29":{"start":{"line":109,"column":6},"end":{"line":109,"column":null}},"30":{"start":{"line":111,"column":6},"end":{"line":111,"column":null}},"31":{"start":{"line":118,"column":4},"end":{"line":120,"column":null}},"32":{"start":{"line":124,"column":4},"end":{"line":127,"column":null}},"33":{"start":{"line":133,"column":4},"end":{"line":133,"column":null}},"34":{"start":{"line":137,"column":4},"end":{"line":140,"column":null}},"35":{"start":{"line":146,"column":4},"end":{"line":146,"column":null}},"36":{"start":{"line":152,"column":4},"end":{"line":154,"column":null}},"37":{"start":{"line":158,"column":4},"end":{"line":161,"column":null}},"38":{"start":{"line":165,"column":4},"end":{"line":167,"column":null}},"39":{"start":{"line":171,"column":4},"end":{"line":174,"column":null}},"40":{"start":{"line":178,"column":4},"end":{"line":180,"column":null}},"41":{"start":{"line":184,"column":4},"end":{"line":190,"column":null}},"42":{"start":{"line":194,"column":4},"end":{"line":196,"column":null}},"43":{"start":{"line":200,"column":4},"end":{"line":206,"column":null}},"44":{"start":{"line":216,"column":4},"end":{"line":220,"column":null}},"45":{"start":{"line":224,"column":4},"end":{"line":224,"column":null}},"46":{"start":{"line":228,"column":4},"end":{"line":231,"column":null}},"47":{"start":{"line":237,"column":4},"end":{"line":239,"column":null}},"48":{"start":{"line":243,"column":4},"end":{"line":246,"column":null}},"49":{"start":{"line":250,"column":4},"end":{"line":256,"column":null}},"50":{"start":{"line":262,"column":4},"end":{"line":264,"column":null}},"51":{"start":{"line":268,"column":4},"end":{"line":274,"column":null}},"52":{"start":{"line":280,"column":4},"end":{"line":286,"column":null}},"53":{"start":{"line":281,"column":6},"end":{"line":281,"column":null}},"54":{"start":{"line":283,"column":6},"end":{"line":284,"column":null}},"55":{"start":{"line":284,"column":8},"end":{"line":284,"column":null}},"56":{"start":{"line":286,"column":6},"end":{"line":286,"column":null}},"57":{"start":{"line":291,"column":4},"end":{"line":294,"column":null}},"58":{"start":{"line":300,"column":4},"end":{"line":300,"column":null}},"59":{"start":{"line":304,"column":4},"end":{"line":306,"column":null}},"60":{"start":{"line":314,"column":4},"end":{"line":320,"column":null}},"61":{"start":{"line":326,"column":4},"end":{"line":328,"column":null}},"62":{"start":{"line":332,"column":4},"end":{"line":335,"column":null}},"63":{"start":{"line":342,"column":21},"end":{"line":343,"column":null}},"64":{"start":{"line":345,"column":4},"end":{"line":345,"column":null}},"65":{"start":{"line":345,"column":39},"end":{"line":345,"column":50}},"66":{"start":{"line":349,"column":4},"end":{"line":355,"column":null}}},"fnMap":{"0":{"name":"(anonymous_0)","decl":{"start":{"line":45,"column":2},"end":{"line":45,"column":14}},"loc":{"start":{"line":45,"column":40},"end":{"line":51,"column":null}},"line":45},"1":{"name":"(anonymous_1)","decl":{"start":{"line":54,"column":2},"end":{"line":54,"column":10}},"loc":{"start":{"line":54,"column":43},"end":{"line":55,"column":null}},"line":54},"2":{"name":"(anonymous_2)","decl":{"start":{"line":58,"column":2},"end":{"line":58,"column":10}},"loc":{"start":{"line":58,"column":49},"end":{"line":59,"column":null}},"line":58},"3":{"name":"(anonymous_3)","decl":{"start":{"line":62,"column":2},"end":{"line":62,"column":10}},"loc":{"start":{"line":62,"column":43},"end":{"line":63,"column":null}},"line":62},"4":{"name":"(anonymous_4)","decl":{"start":{"line":66,"column":2},"end":{"line":66,"column":10}},"loc":{"start":{"line":66,"column":45},"end":{"line":67,"column":null}},"line":66},"5":{"name":"(anonymous_5)","decl":{"start":{"line":70,"column":16},"end":{"line":70,"column":null}},"loc":{"start":{"line":74,"column":16},"end":{"line":111,"column":null}},"line":74},"6":{"name":"(anonymous_6)","decl":{"start":{"line":79,"column":24},"end":{"line":79,"column":41}},"loc":{"start":{"line":79,"column":41},"end":{"line":79,"column":59}},"line":79},"7":{"name":"(anonymous_7)","decl":{"start":{"line":96,"column":18},"end":{"line":96,"column":27}},"loc":{"start":{"line":96,"column":39},"end":{"line":96,"column":66}},"line":96},"8":{"name":"(anonymous_8)","decl":{"start":{"line":101,"column":43},"end":{"line":101,"column":55}},"loc":{"start":{"line":101,"column":55},"end":{"line":101,"column":58}},"line":101},"9":{"name":"(anonymous_9)","decl":{"start":{"line":117,"column":8},"end":{"line":117,"column":24}},"loc":{"start":{"line":117,"column":65},"end":{"line":120,"column":null}},"line":117},"10":{"name":"(anonymous_10)","decl":{"start":{"line":123,"column":8},"end":{"line":123,"column":23}},"loc":{"start":{"line":123,"column":64},"end":{"line":127,"column":null}},"line":123},"11":{"name":"(anonymous_11)","decl":{"start":{"line":132,"column":8},"end":{"line":132,"column":38}},"loc":{"start":{"line":132,"column":38},"end":{"line":133,"column":null}},"line":132},"12":{"name":"(anonymous_12)","decl":{"start":{"line":136,"column":8},"end":{"line":136,"column":20}},"loc":{"start":{"line":136,"column":55},"end":{"line":140,"column":null}},"line":136},"13":{"name":"(anonymous_13)","decl":{"start":{"line":145,"column":8},"end":{"line":145,"column":51}},"loc":{"start":{"line":145,"column":51},"end":{"line":146,"column":null}},"line":145},"14":{"name":"(anonymous_14)","decl":{"start":{"line":151,"column":8},"end":{"line":151,"column":31}},"loc":{"start":{"line":151,"column":73},"end":{"line":154,"column":null}},"line":151},"15":{"name":"(anonymous_15)","decl":{"start":{"line":157,"column":8},"end":{"line":157,"column":33}},"loc":{"start":{"line":157,"column":76},"end":{"line":161,"column":null}},"line":157},"16":{"name":"(anonymous_16)","decl":{"start":{"line":164,"column":8},"end":{"line":164,"column":31}},"loc":{"start":{"line":164,"column":73},"end":{"line":167,"column":null}},"line":164},"17":{"name":"(anonymous_17)","decl":{"start":{"line":170,"column":8},"end":{"line":170,"column":33}},"loc":{"start":{"line":170,"column":76},"end":{"line":174,"column":null}},"line":170},"18":{"name":"(anonymous_18)","decl":{"start":{"line":177,"column":8},"end":{"line":177,"column":33}},"loc":{"start":{"line":177,"column":76},"end":{"line":180,"column":null}},"line":177},"19":{"name":"(anonymous_19)","decl":{"start":{"line":183,"column":8},"end":{"line":183,"column":32}},"loc":{"start":{"line":183,"column":88},"end":{"line":190,"column":null}},"line":183},"20":{"name":"(anonymous_20)","decl":{"start":{"line":193,"column":8},"end":{"line":193,"column":29}},"loc":{"start":{"line":193,"column":64},"end":{"line":196,"column":null}},"line":193},"21":{"name":"(anonymous_21)","decl":{"start":{"line":199,"column":8},"end":{"line":199,"column":28}},"loc":{"start":{"line":199,"column":76},"end":{"line":206,"column":null}},"line":199},"22":{"name":"(anonymous_22)","decl":{"start":{"line":211,"column":8},"end":{"line":211,"column":null}},"loc":{"start":{"line":215,"column":31},"end":{"line":220,"column":null}},"line":215},"23":{"name":"(anonymous_23)","decl":{"start":{"line":223,"column":8},"end":{"line":223,"column":19}},"loc":{"start":{"line":223,"column":56},"end":{"line":224,"column":null}},"line":223},"24":{"name":"(anonymous_24)","decl":{"start":{"line":227,"column":8},"end":{"line":227,"column":22}},"loc":{"start":{"line":227,"column":61},"end":{"line":231,"column":null}},"line":227},"25":{"name":"(anonymous_25)","decl":{"start":{"line":236,"column":8},"end":{"line":236,"column":15}},"loc":{"start":{"line":236,"column":44},"end":{"line":239,"column":null}},"line":236},"26":{"name":"(anonymous_26)","decl":{"start":{"line":242,"column":8},"end":{"line":242,"column":18}},"loc":{"start":{"line":242,"column":49},"end":{"line":246,"column":null}},"line":242},"27":{"name":"(anonymous_27)","decl":{"start":{"line":249,"column":8},"end":{"line":249,"column":20}},"loc":{"start":{"line":249,"column":50},"end":{"line":256,"column":null}},"line":249},"28":{"name":"(anonymous_28)","decl":{"start":{"line":261,"column":8},"end":{"line":261,"column":21}},"loc":{"start":{"line":261,"column":57},"end":{"line":264,"column":null}},"line":261},"29":{"name":"(anonymous_29)","decl":{"start":{"line":267,"column":8},"end":{"line":267,"column":23}},"loc":{"start":{"line":267,"column":79},"end":{"line":274,"column":null}},"line":267},"30":{"name":"(anonymous_30)","decl":{"start":{"line":279,"column":8},"end":{"line":279,"column":17}},"loc":{"start":{"line":279,"column":55},"end":{"line":286,"column":null}},"line":279},"31":{"name":"(anonymous_31)","decl":{"start":{"line":290,"column":8},"end":{"line":290,"column":17}},"loc":{"start":{"line":290,"column":63},"end":{"line":294,"column":null}},"line":290},"32":{"name":"(anonymous_32)","decl":{"start":{"line":299,"column":8},"end":{"line":299,"column":46}},"loc":{"start":{"line":299,"column":46},"end":{"line":300,"column":null}},"line":299},"33":{"name":"(anonymous_33)","decl":{"start":{"line":303,"column":8},"end":{"line":303,"column":21}},"loc":{"start":{"line":303,"column":77},"end":{"line":306,"column":null}},"line":303},"34":{"name":"(anonymous_34)","decl":{"start":{"line":309,"column":8},"end":{"line":309,"column":null}},"loc":{"start":{"line":313,"column":19},"end":{"line":320,"column":null}},"line":313},"35":{"name":"(anonymous_35)","decl":{"start":{"line":325,"column":8},"end":{"line":325,"column":23}},"loc":{"start":{"line":325,"column":72},"end":{"line":328,"column":null}},"line":325},"36":{"name":"(anonymous_36)","decl":{"start":{"line":331,"column":8},"end":{"line":331,"column":25}},"loc":{"start":{"line":331,"column":70},"end":{"line":335,"column":null}},"line":331},"37":{"name":"(anonymous_37)","decl":{"start":{"line":338,"column":8},"end":{"line":338,"column":30}},"loc":{"start":{"line":338,"column":71},"end":{"line":345,"column":null}},"line":338},"38":{"name":"(anonymous_38)","decl":{"start":{"line":345,"column":25},"end":{"line":345,"column":30}},"loc":{"start":{"line":345,"column":39},"end":{"line":345,"column":50}},"line":345},"39":{"name":"(anonymous_39)","decl":{"start":{"line":348,"column":8},"end":{"line":348,"column":27}},"loc":{"start":{"line":348,"column":79},"end":{"line":355,"column":null}},"line":348}},"branchMap":{"0":{"loc":{"start":{"line":72,"column":4},"end":{"line":72,"column":29}},"type":"default-arg","locations":[{"start":{"line":72,"column":27},"end":{"line":72,"column":29}}],"line":72},"1":{"loc":{"start":{"line":73,"column":4},"end":{"line":73,"column":null}},"type":"default-arg","locations":[{"start":{"line":73,"column":22},"end":{"line":73,"column":null}}],"line":73},"2":{"loc":{"start":{"line":92,"column":6},"end":{"line":97,"column":null}},"type":"if","locations":[{"start":{"line":92,"column":6},"end":{"line":97,"column":null}},{"start":{},"end":{}}],"line":92},"3":{"loc":{"start":{"line":92,"column":10},"end":{"line":92,"column":50}},"type":"binary-expr","locations":[{"start":{"line":92,"column":10},"end":{"line":92,"column":37}},{"start":{"line":92,"column":37},"end":{"line":92,"column":50}}],"line":92},"4":{"loc":{"start":{"line":94,"column":23},"end":{"line":94,"column":null}},"type":"cond-expr","locations":[{"start":{"line":94,"column":36},"end":{"line":94,"column":70}},{"start":{"line":94,"column":70},"end":{"line":94,"column":null}}],"line":94},"5":{"loc":{"start":{"line":100,"column":6},"end":{"line":102,"column":null}},"type":"if","locations":[{"start":{"line":100,"column":6},"end":{"line":102,"column":null}},{"start":{},"end":{}}],"line":100},"6":{"loc":{"start":{"line":105,"column":6},"end":{"line":106,"column":null}},"type":"if","locations":[{"start":{"line":105,"column":6},"end":{"line":106,"column":null}},{"start":{},"end":{}}],"line":105},"7":{"loc":{"start":{"line":117,"column":24},"end":{"line":117,"column":65}},"type":"default-arg","locations":[{"start":{"line":117,"column":41},"end":{"line":117,"column":65}}],"line":117},"8":{"loc":{"start":{"line":283,"column":6},"end":{"line":284,"column":null}},"type":"if","locations":[{"start":{"line":283,"column":6},"end":{"line":284,"column":null}},{"start":{},"end":{}}],"line":283},"9":{"loc":{"start":{"line":283,"column":10},"end":{"line":283,"column":70}},"type":"binary-expr","locations":[{"start":{"line":283,"column":10},"end":{"line":283,"column":36}},{"start":{"line":283,"column":36},"end":{"line":283,"column":70}}],"line":283}},"s":{"0":1,"1":1,"2":12,"3":12,"4":0,"5":0,"6":0,"7":0,"8":0,"9":0,"10":0,"11":0,"12":0,"13":0,"14":0,"15":0,"16":0,"17":0,"18":0,"19":0,"20":0,"21":0,"22":0,"23":0,"24":0,"25":0,"26":0,"27":0,"28":0,"29":0,"30":0,"31":0,"32":0,"33":0,"34":0,"35":0,"36":0,"37":0,"38":0,"39":0,"40":0,"41":0,"42":0,"43":0,"44":0,"45":0,"46":0,"47":0,"48":0,"49":0,"50":0,"51":0,"52":0,"53":0,"54":0,"55":0,"56":0,"57":0,"58":0,"59":0,"60":0,"61":0,"62":0,"63":0,"64":0,"65":0,"66":0},"f":{"0":12,"1":0,"2":0,"3":0,"4":0,"5":0,"6":0,"7":0,"8":0,"9":0,"10":0,"11":0,"12":0,"13":0,"14":0,"15":0,"16":0,"17":0,"18":0,"19":0,"20":0,"21":0,"22":0,"23":0,"24":0,"25":0,"26":0,"27":0,"28":0,"29":0,"30":0,"31":0,"32":0,"33":0,"34":0,"35":0,"36":0,"37":0,"38":0,"39":0},"b":{"0":[0],"1":[0],"2":[0,0],"3":[0,0],"4":[0,0],"5":[0,0],"6":[0,0],"7":[0],"8":[0,0],"9":[0,0]},"meta":{"lastBranch":10,"lastFunction":40,"lastStatement":67,"seen":{"s:38:27:38:Infinity":0,"s:39:20:39:Infinity":1,"f:45:2:45:14":0,"s:46:4:46:Infinity":2,"s:47:4:51:Infinity":3,"f:54:2:54:10":1,"s:55:4:55:Infinity":4,"f:58:2:58:10":2,"s:59:4:59:Infinity":5,"f:62:2:62:10":3,"s:63:4:63:Infinity":6,"f:66:2:66:10":4,"s:67:4:67:Infinity":7,"f:70:16:70:Infinity":5,"b:72:27:72:29":0,"b:73:22:73:Infinity":1,"s:75:4:75:Infinity":8,"s:77:4:111:Infinity":9,"s:78:25:78:46":10,"s:79:24:79:80":11,"f:79:24:79:41":6,"s:79:41:79:59":12,"s:82:6:89:Infinity":13,"s:83:8:87:Infinity":14,"s:89:8:89:Infinity":15,"b:92:6:97:Infinity:undefined:undefined:undefined:undefined":2,"s:92:6:97:Infinity":16,"b:92:10:92:37:92:37:92:50":3,"s:93:27:93:62":17,"s:94:23:94:Infinity":18,"b:94:36:94:70:94:70:94:Infinity":4,"s:95:8:95:Infinity":19,"s:96:8:96:Infinity":20,"f:96:18:96:27":7,"s:96:39:96:66":21,"s:97:8:97:Infinity":22,"b:100:6:102:Infinity:undefined:undefined:undefined:undefined":5,"s:100:6:102:Infinity":23,"s:101:21:101:58":24,"f:101:43:101:55":8,"s:101:55:101:58":25,"s:102:8:102:Infinity":26,"b:105:6:106:Infinity:undefined:undefined:undefined:undefined":6,"s:105:6:106:Infinity":27,"s:106:8:106:Infinity":28,"s:109:6:109:Infinity":29,"s:111:6:111:Infinity":30,"f:117:8:117:24":9,"b:117:41:117:65":7,"s:118:4:120:Infinity":31,"f:123:8:123:23":10,"s:124:4:127:Infinity":32,"f:132:8:132:38":11,"s:133:4:133:Infinity":33,"f:136:8:136:20":12,"s:137:4:140:Infinity":34,"f:145:8:145:51":13,"s:146:4:146:Infinity":35,"f:151:8:151:31":14,"s:152:4:154:Infinity":36,"f:157:8:157:33":15,"s:158:4:161:Infinity":37,"f:164:8:164:31":16,"s:165:4:167:Infinity":38,"f:170:8:170:33":17,"s:171:4:174:Infinity":39,"f:177:8:177:33":18,"s:178:4:180:Infinity":40,"f:183:8:183:32":19,"s:184:4:190:Infinity":41,"f:193:8:193:29":20,"s:194:4:196:Infinity":42,"f:199:8:199:28":21,"s:200:4:206:Infinity":43,"f:211:8:211:Infinity":22,"s:216:4:220:Infinity":44,"f:223:8:223:19":23,"s:224:4:224:Infinity":45,"f:227:8:227:22":24,"s:228:4:231:Infinity":46,"f:236:8:236:15":25,"s:237:4:239:Infinity":47,"f:242:8:242:18":26,"s:243:4:246:Infinity":48,"f:249:8:249:20":27,"s:250:4:256:Infinity":49,"f:261:8:261:21":28,"s:262:4:264:Infinity":50,"f:267:8:267:23":29,"s:268:4:274:Infinity":51,"f:279:8:279:17":30,"s:280:4:286:Infinity":52,"s:281:6:281:Infinity":53,"b:283:6:284:Infinity:undefined:undefined:undefined:undefined":8,"s:283:6:284:Infinity":54,"b:283:10:283:36:283:36:283:70":9,"s:284:8:284:Infinity":55,"s:286:6:286:Infinity":56,"f:290:8:290:17":31,"s:291:4:294:Infinity":57,"f:299:8:299:46":32,"s:300:4:300:Infinity":58,"f:303:8:303:21":33,"s:304:4:306:Infinity":59,"f:309:8:309:Infinity":34,"s:314:4:320:Infinity":60,"f:325:8:325:23":35,"s:326:4:328:Infinity":61,"f:331:8:331:25":36,"s:332:4:335:Infinity":62,"f:338:8:338:30":37,"s:342:21:343:Infinity":63,"s:345:4:345:Infinity":64,"f:345:25:345:30":38,"s:345:39:345:50":65,"f:348:8:348:27":39,"s:349:4:355:Infinity":66}}}
,"/Users/zeluizr/Sites/vtex-catalog-cloner/src/workers/orchestrator.ts": {"path":"/Users/zeluizr/Sites/vtex-catalog-cloner/src/workers/orchestrator.ts","statementMap":{"0":{"start":{"line":22,"column":23},"end":{"line":22,"column":45}},"1":{"start":{"line":23,"column":23},"end":{"line":23,"column":45}},"2":{"start":{"line":24,"column":16},"end":{"line":24,"column":27}},"3":{"start":{"line":26,"column":8},"end":{"line":26,"column":63}},"4":{"start":{"line":26,"column":35},"end":{"line":26,"column":63}},"5":{"start":{"line":28,"column":2},"end":{"line":49,"column":null}},"6":{"start":{"line":29,"column":4},"end":{"line":29,"column":null}},"7":{"start":{"line":29,"column":30},"end":{"line":29,"column":null}},"8":{"start":{"line":30,"column":4},"end":{"line":30,"column":null}},"9":{"start":{"line":30,"column":26},"end":{"line":30,"column":null}},"10":{"start":{"line":31,"column":4},"end":{"line":31,"column":null}},"11":{"start":{"line":31,"column":34},"end":{"line":31,"column":null}},"12":{"start":{"line":32,"column":4},"end":{"line":32,"column":null}},"13":{"start":{"line":32,"column":34},"end":{"line":32,"column":null}},"14":{"start":{"line":34,"column":28},"end":{"line":36,"column":10}},"15":{"start":{"line":38,"column":4},"end":{"line":38,"column":null}},"16":{"start":{"line":38,"column":24},"end":{"line":38,"column":null}},"17":{"start":{"line":39,"column":4},"end":{"line":39,"column":null}},"18":{"start":{"line":39,"column":26},"end":{"line":39,"column":null}},"19":{"start":{"line":40,"column":4},"end":{"line":40,"column":null}},"20":{"start":{"line":40,"column":31},"end":{"line":40,"column":null}},"21":{"start":{"line":41,"column":4},"end":{"line":41,"column":null}},"22":{"start":{"line":41,"column":26},"end":{"line":41,"column":null}},"23":{"start":{"line":42,"column":4},"end":{"line":42,"column":null}},"24":{"start":{"line":42,"column":25},"end":{"line":42,"column":null}},"25":{"start":{"line":43,"column":4},"end":{"line":43,"column":null}},"26":{"start":{"line":43,"column":31},"end":{"line":43,"column":null}},"27":{"start":{"line":45,"column":4},"end":{"line":45,"column":null}},"28":{"start":{"line":47,"column":20},"end":{"line":47,"column":74}},"29":{"start":{"line":48,"column":4},"end":{"line":48,"column":null}},"30":{"start":{"line":49,"column":4},"end":{"line":49,"column":null}}},"fnMap":{"0":{"name":"runClone","decl":{"start":{"line":16,"column":22},"end":{"line":16,"column":null}},"loc":{"start":{"line":21,"column":17},"end":{"line":49,"column":null}},"line":21},"1":{"name":"(anonymous_1)","decl":{"start":{"line":26,"column":8},"end":{"line":26,"column":18}},"loc":{"start":{"line":26,"column":35},"end":{"line":26,"column":63}},"line":26}},"branchMap":{"0":{"loc":{"start":{"line":29,"column":4},"end":{"line":29,"column":null}},"type":"if","locations":[{"start":{"line":29,"column":4},"end":{"line":29,"column":null}},{"start":{},"end":{}}],"line":29},"1":{"loc":{"start":{"line":30,"column":4},"end":{"line":30,"column":null}},"type":"if","locations":[{"start":{"line":30,"column":4},"end":{"line":30,"column":null}},{"start":{},"end":{}}],"line":30},"2":{"loc":{"start":{"line":31,"column":4},"end":{"line":31,"column":null}},"type":"if","locations":[{"start":{"line":31,"column":4},"end":{"line":31,"column":null}},{"start":{},"end":{}}],"line":31},"3":{"loc":{"start":{"line":32,"column":4},"end":{"line":32,"column":null}},"type":"if","locations":[{"start":{"line":32,"column":4},"end":{"line":32,"column":null}},{"start":{},"end":{}}],"line":32},"4":{"loc":{"start":{"line":34,"column":28},"end":{"line":36,"column":10}},"type":"cond-expr","locations":[{"start":{"line":35,"column":8},"end":{"line":35,"column":68}},{"start":{"line":36,"column":8},"end":{"line":36,"column":10}}],"line":34},"5":{"loc":{"start":{"line":38,"column":4},"end":{"line":38,"column":null}},"type":"if","locations":[{"start":{"line":38,"column":4},"end":{"line":38,"column":null}},{"start":{},"end":{}}],"line":38},"6":{"loc":{"start":{"line":39,"column":4},"end":{"line":39,"column":null}},"type":"if","locations":[{"start":{"line":39,"column":4},"end":{"line":39,"column":null}},{"start":{},"end":{}}],"line":39},"7":{"loc":{"start":{"line":40,"column":4},"end":{"line":40,"column":null}},"type":"if","locations":[{"start":{"line":40,"column":4},"end":{"line":40,"column":null}},{"start":{},"end":{}}],"line":40},"8":{"loc":{"start":{"line":41,"column":4},"end":{"line":41,"column":null}},"type":"if","locations":[{"start":{"line":41,"column":4},"end":{"line":41,"column":null}},{"start":{},"end":{}}],"line":41},"9":{"loc":{"start":{"line":42,"column":4},"end":{"line":42,"column":null}},"type":"if","locations":[{"start":{"line":42,"column":4},"end":{"line":42,"column":null}},{"start":{},"end":{}}],"line":42},"10":{"loc":{"start":{"line":43,"column":4},"end":{"line":43,"column":null}},"type":"if","locations":[{"start":{"line":43,"column":4},"end":{"line":43,"column":null}},{"start":{},"end":{}}],"line":43},"11":{"loc":{"start":{"line":47,"column":20},"end":{"line":47,"column":74}},"type":"cond-expr","locations":[{"start":{"line":47,"column":45},"end":{"line":47,"column":61}},{"start":{"line":47,"column":61},"end":{"line":47,"column":74}}],"line":47}},"s":{"0":6,"1":6,"2":6,"3":6,"4":57,"5":6,"6":6,"7":1,"8":6,"9":4,"10":5,"11":5,"12":5,"13":5,"14":5,"15":6,"16":3,"17":5,"18":5,"19":5,"20":5,"21":5,"22":5,"23":5,"24":5,"25":5,"26":5,"27":5,"28":1,"29":1,"30":1},"f":{"0":6,"1":57},"b":{"0":[1,5],"1":[4,2],"2":[1,4],"3":[1,4],"4":[2,3],"5":[3,3],"6":[3,2],"7":[2,3],"8":[2,3],"9":[2,3],"10":[2,3],"11":[1,0]},"meta":{"lastBranch":12,"lastFunction":2,"lastStatement":31,"seen":{"f:16:22:16:Infinity":0,"s:22:23:22:45":0,"s:23:23:23:45":1,"s:24:16:24:27":2,"s:26:8:26:63":3,"f:26:8:26:18":1,"s:26:35:26:63":4,"s:28:2:49:Infinity":5,"b:29:4:29:Infinity:undefined:undefined:undefined:undefined":0,"s:29:4:29:Infinity":6,"s:29:30:29:Infinity":7,"b:30:4:30:Infinity:undefined:undefined:undefined:undefined":1,"s:30:4:30:Infinity":8,"s:30:26:30:Infinity":9,"b:31:4:31:Infinity:undefined:undefined:undefined:undefined":2,"s:31:4:31:Infinity":10,"s:31:34:31:Infinity":11,"b:32:4:32:Infinity:undefined:undefined:undefined:undefined":3,"s:32:4:32:Infinity":12,"s:32:34:32:Infinity":13,"s:34:28:36:10":14,"b:35:8:35:68:36:8:36:10":4,"b:38:4:38:Infinity:undefined:undefined:undefined:undefined":5,"s:38:4:38:Infinity":15,"s:38:24:38:Infinity":16,"b:39:4:39:Infinity:undefined:undefined:undefined:undefined":6,"s:39:4:39:Infinity":17,"s:39:26:39:Infinity":18,"b:40:4:40:Infinity:undefined:undefined:undefined:undefined":7,"s:40:4:40:Infinity":19,"s:40:31:40:Infinity":20,"b:41:4:41:Infinity:undefined:undefined:undefined:undefined":8,"s:41:4:41:Infinity":21,"s:41:26:41:Infinity":22,"b:42:4:42:Infinity:undefined:undefined:undefined:undefined":9,"s:42:4:42:Infinity":23,"s:42:25:42:Infinity":24,"b:43:4:43:Infinity:undefined:undefined:undefined:undefined":10,"s:43:4:43:Infinity":25,"s:43:31:43:Infinity":26,"s:45:4:45:Infinity":27,"s:47:20:47:74":28,"b:47:45:47:61:47:61:47:74":11,"s:48:4:48:Infinity":29,"s:49:4:49:Infinity":30}}}
,"/Users/zeluizr/Sites/vtex-catalog-cloner/src/workers/types.ts": {"path":"/Users/zeluizr/Sites/vtex-catalog-cloner/src/workers/types.ts","statementMap":{},"fnMap":{},"branchMap":{},"s":{},"f":{},"b":{},"meta":{"lastBranch":0,"lastFunction":0,"lastStatement":0,"seen":{}}}
,"/Users/zeluizr/Sites/vtex-catalog-cloner/src/workers/steps/01-categories.ts": {"path":"/Users/zeluizr/Sites/vtex-catalog-cloner/src/workers/steps/01-categories.ts","statementMap":{"0":{"start":{"line":6,"column":29},"end":{"line":6,"column":31}},"1":{"start":{"line":8,"column":4},"end":{"line":11,"column":null}},"2":{"start":{"line":9,"column":6},"end":{"line":9,"column":null}},"3":{"start":{"line":10,"column":6},"end":{"line":11,"column":null}},"4":{"start":{"line":11,"column":8},"end":{"line":11,"column":null}},"5":{"start":{"line":15,"column":2},"end":{"line":15,"column":null}},"6":{"start":{"line":16,"column":2},"end":{"line":16,"column":null}},"7":{"start":{"line":25,"column":15},"end":{"line":25,"column":null}},"8":{"start":{"line":26,"column":2},"end":{"line":26,"column":null}},"9":{"start":{"line":28,"column":15},"end":{"line":28,"column":46}},"10":{"start":{"line":29,"column":15},"end":{"line":29,"column":32}},"11":{"start":{"line":31,"column":2},"end":{"line":31,"column":null}},"12":{"start":{"line":33,"column":16},"end":{"line":33,"column":null}},"13":{"start":{"line":34,"column":15},"end":{"line":34,"column":null}},"14":{"start":{"line":36,"column":2},"end":{"line":80,"column":null}},"15":{"start":{"line":36,"column":15},"end":{"line":36,"column":18}},"16":{"start":{"line":37,"column":16},"end":{"line":37,"column":null}},"17":{"start":{"line":38,"column":4},"end":{"line":80,"column":null}},"18":{"start":{"line":40,"column":8},"end":{"line":42,"column":null}},"19":{"start":{"line":44,"column":21},"end":{"line":59,"column":8}},"20":{"start":{"line":61,"column":6},"end":{"line":61,"column":null}},"21":{"start":{"line":62,"column":6},"end":{"line":62,"column":null}},"22":{"start":{"line":64,"column":6},"end":{"line":70,"column":null}},"23":{"start":{"line":72,"column":6},"end":{"line":72,"column":null}},"24":{"start":{"line":73,"column":22},"end":{"line":73,"column":76}},"25":{"start":{"line":74,"column":6},"end":{"line":74,"column":null}},"26":{"start":{"line":75,"column":6},"end":{"line":80,"column":null}},"27":{"start":{"line":84,"column":2},"end":{"line":84,"column":null}},"28":{"start":{"line":85,"column":2},"end":{"line":85,"column":null}}},"fnMap":{"0":{"name":"flattenTree","decl":{"start":{"line":5,"column":16},"end":{"line":5,"column":28}},"loc":{"start":{"line":5,"column":64},"end":{"line":16,"column":null}},"line":5},"1":{"name":"walk","decl":{"start":{"line":7,"column":11},"end":{"line":7,"column":16}},"loc":{"start":{"line":7,"column":35},"end":{"line":11,"column":null}},"line":7},"2":{"name":"cloneCategories","decl":{"start":{"line":19,"column":22},"end":{"line":19,"column":null}},"loc":{"start":{"line":24,"column":17},"end":{"line":85,"column":null}},"line":24}},"branchMap":{"0":{"loc":{"start":{"line":10,"column":6},"end":{"line":11,"column":null}},"type":"if","locations":[{"start":{"line":10,"column":6},"end":{"line":11,"column":null}},{"start":{},"end":{}}],"line":10},"1":{"loc":{"start":{"line":10,"column":10},"end":{"line":10,"column":53}},"type":"binary-expr","locations":[{"start":{"line":10,"column":10},"end":{"line":10,"column":27}},{"start":{"line":10,"column":27},"end":{"line":10,"column":53}}],"line":10},"2":{"loc":{"start":{"line":40,"column":8},"end":{"line":42,"column":null}},"type":"cond-expr","locations":[{"start":{"line":41,"column":13},"end":{"line":41,"column":null}},{"start":{"line":42,"column":12},"end":{"line":42,"column":null}}],"line":40},"3":{"loc":{"start":{"line":41,"column":13},"end":{"line":41,"column":null}},"type":"binary-expr","locations":[{"start":{"line":41,"column":13},"end":{"line":41,"column":56}},{"start":{"line":41,"column":60},"end":{"line":41,"column":null}}],"line":41},"4":{"loc":{"start":{"line":73,"column":22},"end":{"line":73,"column":76}},"type":"cond-expr","locations":[{"start":{"line":73,"column":47},"end":{"line":73,"column":63}},{"start":{"line":73,"column":63},"end":{"line":73,"column":76}}],"line":73}},"s":{"0":10,"1":16,"2":23,"3":23,"4":6,"5":10,"6":10,"7":5,"8":5,"9":5,"10":5,"11":5,"12":5,"13":5,"14":5,"15":5,"16":10,"17":10,"18":10,"19":10,"20":8,"21":8,"22":8,"23":2,"24":2,"25":2,"26":2,"27":5,"28":5},"f":{"0":10,"1":16,"2":5},"b":{"0":[6,17],"1":[23,23],"2":[1,9],"3":[1,0],"4":[2,0]},"meta":{"lastBranch":5,"lastFunction":3,"lastStatement":29,"seen":{"f:5:16:5:28":0,"s:6:29:6:31":0,"f:7:11:7:16":1,"s:8:4:11:Infinity":1,"s:9:6:9:Infinity":2,"b:10:6:11:Infinity:undefined:undefined:undefined:undefined":0,"s:10:6:11:Infinity":3,"b:10:10:10:27:10:27:10:53":1,"s:11:8:11:Infinity":4,"s:15:2:15:Infinity":5,"s:16:2:16:Infinity":6,"f:19:22:19:Infinity":2,"s:25:15:25:Infinity":7,"s:26:2:26:Infinity":8,"s:28:15:28:46":9,"s:29:15:29:32":10,"s:31:2:31:Infinity":11,"s:33:16:33:Infinity":12,"s:34:15:34:Infinity":13,"s:36:2:80:Infinity":14,"s:36:15:36:18":15,"s:37:16:37:Infinity":16,"s:38:4:80:Infinity":17,"s:40:8:42:Infinity":18,"b:41:13:41:Infinity:42:12:42:Infinity":2,"b:41:13:41:56:41:60:41:Infinity":3,"s:44:21:59:8":19,"s:61:6:61:Infinity":20,"s:62:6:62:Infinity":21,"s:64:6:70:Infinity":22,"s:72:6:72:Infinity":23,"s:73:22:73:76":24,"b:73:47:73:63:73:63:73:76":4,"s:74:6:74:Infinity":25,"s:75:6:80:Infinity":26,"s:84:2:84:Infinity":27,"s:85:2:85:Infinity":28}}}
,"/Users/zeluizr/Sites/vtex-catalog-cloner/src/workers/steps/02-brands.ts": {"path":"/Users/zeluizr/Sites/vtex-catalog-cloner/src/workers/steps/02-brands.ts","statementMap":{"0":{"start":{"line":11,"column":15},"end":{"line":11,"column":null}},"1":{"start":{"line":12,"column":2},"end":{"line":12,"column":null}},"2":{"start":{"line":14,"column":17},"end":{"line":14,"column":41}},"3":{"start":{"line":16,"column":2},"end":{"line":16,"column":null}},"4":{"start":{"line":18,"column":16},"end":{"line":18,"column":null}},"5":{"start":{"line":19,"column":15},"end":{"line":19,"column":null}},"6":{"start":{"line":21,"column":2},"end":{"line":55,"column":null}},"7":{"start":{"line":21,"column":15},"end":{"line":21,"column":18}},"8":{"start":{"line":22,"column":18},"end":{"line":22,"column":null}},"9":{"start":{"line":23,"column":4},"end":{"line":55,"column":null}},"10":{"start":{"line":24,"column":23},"end":{"line":34,"column":8}},"11":{"start":{"line":36,"column":6},"end":{"line":36,"column":null}},"12":{"start":{"line":37,"column":6},"end":{"line":37,"column":null}},"13":{"start":{"line":39,"column":6},"end":{"line":45,"column":null}},"14":{"start":{"line":47,"column":6},"end":{"line":47,"column":null}},"15":{"start":{"line":48,"column":22},"end":{"line":48,"column":76}},"16":{"start":{"line":49,"column":6},"end":{"line":49,"column":null}},"17":{"start":{"line":50,"column":6},"end":{"line":55,"column":null}},"18":{"start":{"line":59,"column":2},"end":{"line":59,"column":null}},"19":{"start":{"line":60,"column":2},"end":{"line":60,"column":null}}},"fnMap":{"0":{"name":"cloneBrands","decl":{"start":{"line":5,"column":22},"end":{"line":5,"column":null}},"loc":{"start":{"line":10,"column":17},"end":{"line":60,"column":null}},"line":10}},"branchMap":{"0":{"loc":{"start":{"line":29,"column":18},"end":{"line":29,"column":null}},"type":"binary-expr","locations":[{"start":{"line":29,"column":18},"end":{"line":29,"column":36}},{"start":{"line":29,"column":36},"end":{"line":29,"column":54}},{"start":{"line":29,"column":54},"end":{"line":29,"column":null}}],"line":29},"1":{"loc":{"start":{"line":48,"column":22},"end":{"line":48,"column":76}},"type":"cond-expr","locations":[{"start":{"line":48,"column":47},"end":{"line":48,"column":63}},{"start":{"line":48,"column":63},"end":{"line":48,"column":76}}],"line":48}},"s":{"0":5,"1":5,"2":5,"3":5,"4":5,"5":5,"6":5,"7":5,"8":9,"9":9,"10":9,"11":8,"12":8,"13":8,"14":1,"15":1,"16":1,"17":1,"18":5,"19":5},"f":{"0":5},"b":{"0":[9,1,0],"1":[1,0]},"meta":{"lastBranch":2,"lastFunction":1,"lastStatement":20,"seen":{"f:5:22:5:Infinity":0,"s:11:15:11:Infinity":0,"s:12:2:12:Infinity":1,"s:14:17:14:41":2,"s:16:2:16:Infinity":3,"s:18:16:18:Infinity":4,"s:19:15:19:Infinity":5,"s:21:2:55:Infinity":6,"s:21:15:21:18":7,"s:22:18:22:Infinity":8,"s:23:4:55:Infinity":9,"s:24:23:34:8":10,"b:29:18:29:36:29:36:29:54:29:54:29:Infinity":0,"s:36:6:36:Infinity":11,"s:37:6:37:Infinity":12,"s:39:6:45:Infinity":13,"s:47:6:47:Infinity":14,"s:48:22:48:76":15,"b:48:47:48:63:48:63:48:76":1,"s:49:6:49:Infinity":16,"s:50:6:55:Infinity":17,"s:59:2:59:Infinity":18,"s:60:2:60:Infinity":19}}}
,"/Users/zeluizr/Sites/vtex-catalog-cloner/src/workers/steps/03-trade-policies.ts": {"path":"/Users/zeluizr/Sites/vtex-catalog-cloner/src/workers/steps/03-trade-policies.ts","statementMap":{"0":{"start":{"line":11,"column":15},"end":{"line":11,"column":null}},"1":{"start":{"line":12,"column":2},"end":{"line":12,"column":null}},"2":{"start":{"line":14,"column":25},"end":{"line":14,"column":56}},"3":{"start":{"line":15,"column":46},"end":{"line":15,"column":48}},"4":{"start":{"line":17,"column":2},"end":{"line":21,"column":null}},"5":{"start":{"line":18,"column":4},"end":{"line":18,"column":null}},"6":{"start":{"line":20,"column":20},"end":{"line":20,"column":74}},"7":{"start":{"line":21,"column":4},"end":{"line":21,"column":null}},"8":{"start":{"line":24,"column":2},"end":{"line":24,"column":null}},"9":{"start":{"line":26,"column":28},"end":{"line":26,"column":70}},"10":{"start":{"line":26,"column":62},"end":{"line":26,"column":69}},"11":{"start":{"line":27,"column":28},"end":{"line":27,"column":30}},"12":{"start":{"line":28,"column":16},"end":{"line":28,"column":null}},"13":{"start":{"line":30,"column":2},"end":{"line":47,"column":null}},"14":{"start":{"line":30,"column":15},"end":{"line":30,"column":18}},"15":{"start":{"line":31,"column":19},"end":{"line":31,"column":null}},"16":{"start":{"line":32,"column":4},"end":{"line":47,"column":null}},"17":{"start":{"line":33,"column":6},"end":{"line":33,"column":null}},"18":{"start":{"line":34,"column":6},"end":{"line":40,"column":null}},"19":{"start":{"line":42,"column":6},"end":{"line":42,"column":null}},"20":{"start":{"line":43,"column":6},"end":{"line":47,"column":null}},"21":{"start":{"line":51,"column":2},"end":{"line":51,"column":null}},"22":{"start":{"line":52,"column":2},"end":{"line":55,"column":null}},"23":{"start":{"line":53,"column":4},"end":{"line":55,"column":null}},"24":{"start":{"line":57,"column":2},"end":{"line":57,"column":null}}},"fnMap":{"0":{"name":"cloneTradePolicies","decl":{"start":{"line":5,"column":22},"end":{"line":5,"column":null}},"loc":{"start":{"line":10,"column":17},"end":{"line":57,"column":null}},"line":10},"1":{"name":"(anonymous_1)","decl":{"start":{"line":26,"column":51},"end":{"line":26,"column":56}},"loc":{"start":{"line":26,"column":62},"end":{"line":26,"column":69}},"line":26}},"branchMap":{"0":{"loc":{"start":{"line":20,"column":20},"end":{"line":20,"column":74}},"type":"cond-expr","locations":[{"start":{"line":20,"column":45},"end":{"line":20,"column":61}},{"start":{"line":20,"column":61},"end":{"line":20,"column":74}}],"line":20},"1":{"loc":{"start":{"line":32,"column":4},"end":{"line":47,"column":null}},"type":"if","locations":[{"start":{"line":32,"column":4},"end":{"line":47,"column":null}},{"start":{"line":41,"column":11},"end":{"line":47,"column":null}}],"line":32},"2":{"loc":{"start":{"line":52,"column":2},"end":{"line":55,"column":null}},"type":"if","locations":[{"start":{"line":52,"column":2},"end":{"line":55,"column":null}},{"start":{},"end":{}}],"line":52}},"s":{"0":0,"1":0,"2":0,"3":0,"4":0,"5":0,"6":0,"7":0,"8":0,"9":0,"10":0,"11":0,"12":0,"13":0,"14":0,"15":0,"16":0,"17":0,"18":0,"19":0,"20":0,"21":0,"22":0,"23":0,"24":0},"f":{"0":0,"1":0},"b":{"0":[0,0],"1":[0,0],"2":[0,0]},"meta":{"lastBranch":3,"lastFunction":2,"lastStatement":25,"seen":{"f:5:22:5:Infinity":0,"s:11:15:11:Infinity":0,"s:12:2:12:Infinity":1,"s:14:25:14:56":2,"s:15:46:15:48":3,"s:17:2:21:Infinity":4,"s:18:4:18:Infinity":5,"s:20:20:20:74":6,"b:20:45:20:61:20:61:20:74":0,"s:21:4:21:Infinity":7,"s:24:2:24:Infinity":8,"s:26:28:26:70":9,"f:26:51:26:56":1,"s:26:62:26:69":10,"s:27:28:27:30":11,"s:28:16:28:Infinity":12,"s:30:2:47:Infinity":13,"s:30:15:30:18":14,"s:31:19:31:Infinity":15,"b:32:4:47:Infinity:41:11:47:Infinity":1,"s:32:4:47:Infinity":16,"s:33:6:33:Infinity":17,"s:34:6:40:Infinity":18,"s:42:6:42:Infinity":19,"s:43:6:47:Infinity":20,"s:51:2:51:Infinity":21,"b:52:2:55:Infinity:undefined:undefined:undefined:undefined":2,"s:52:2:55:Infinity":22,"s:53:4:55:Infinity":23,"s:57:2:57:Infinity":24}}}
,"/Users/zeluizr/Sites/vtex-catalog-cloner/src/workers/steps/04-specifications.ts": {"path":"/Users/zeluizr/Sites/vtex-catalog-cloner/src/workers/steps/04-specifications.ts","statementMap":{"0":{"start":{"line":11,"column":15},"end":{"line":11,"column":null}},"1":{"start":{"line":12,"column":2},"end":{"line":12,"column":null}},"2":{"start":{"line":14,"column":47},"end":{"line":14,"column":49}},"3":{"start":{"line":16,"column":21},"end":{"line":16,"column":52}},"4":{"start":{"line":17,"column":35},"end":{"line":17,"column":37}},"5":{"start":{"line":19,"column":4},"end":{"line":21,"column":null}},"6":{"start":{"line":20,"column":6},"end":{"line":20,"column":null}},"7":{"start":{"line":21,"column":6},"end":{"line":21,"column":null}},"8":{"start":{"line":21,"column":22},"end":{"line":21,"column":null}},"9":{"start":{"line":24,"column":2},"end":{"line":24,"column":null}},"10":{"start":{"line":26,"column":2},"end":{"line":29,"column":null}},"11":{"start":{"line":27,"column":21},"end":{"line":27,"column":52}},"12":{"start":{"line":28,"column":4},"end":{"line":29,"column":null}},"13":{"start":{"line":29,"column":6},"end":{"line":29,"column":null}},"14":{"start":{"line":33,"column":20},"end":{"line":33,"column":null}},"15":{"start":{"line":39,"column":7},"end":{"line":39,"column":9}},"16":{"start":{"line":41,"column":2},"end":{"line":49,"column":null}},"17":{"start":{"line":42,"column":4},"end":{"line":49,"column":null}},"18":{"start":{"line":43,"column":21},"end":{"line":43,"column":66}},"19":{"start":{"line":44,"column":21},"end":{"line":44,"column":66}},"20":{"start":{"line":45,"column":6},"end":{"line":45,"column":null}},"21":{"start":{"line":46,"column":6},"end":{"line":46,"column":null}},"22":{"start":{"line":48,"column":22},"end":{"line":48,"column":76}},"23":{"start":{"line":49,"column":6},"end":{"line":49,"column":null}},"24":{"start":{"line":53,"column":2},"end":{"line":53,"column":null}},"25":{"start":{"line":55,"column":16},"end":{"line":55,"column":null}},"26":{"start":{"line":56,"column":15},"end":{"line":56,"column":null}},"27":{"start":{"line":57,"column":16},"end":{"line":57,"column":null}},"28":{"start":{"line":59,"column":2},"end":{"line":122,"column":null}},"29":{"start":{"line":61,"column":4},"end":{"line":71,"column":null}},"30":{"start":{"line":62,"column":6},"end":{"line":71,"column":null}},"31":{"start":{"line":63,"column":25},"end":{"line":67,"column":10}},"32":{"start":{"line":68,"column":8},"end":{"line":68,"column":null}},"33":{"start":{"line":70,"column":24},"end":{"line":70,"column":78}},"34":{"start":{"line":71,"column":8},"end":{"line":71,"column":null}},"35":{"start":{"line":76,"column":4},"end":{"line":122,"column":null}},"36":{"start":{"line":77,"column":6},"end":{"line":77,"column":null}},"37":{"start":{"line":78,"column":6},"end":{"line":122,"column":null}},"38":{"start":{"line":79,"column":27},"end":{"line":79,"column":null}},"39":{"start":{"line":81,"column":25},"end":{"line":101,"column":10}},"40":{"start":{"line":99,"column":57},"end":{"line":99,"column":64}},"41":{"start":{"line":103,"column":8},"end":{"line":103,"column":null}},"42":{"start":{"line":104,"column":8},"end":{"line":104,"column":null}},"43":{"start":{"line":106,"column":8},"end":{"line":112,"column":null}},"44":{"start":{"line":114,"column":8},"end":{"line":114,"column":null}},"45":{"start":{"line":115,"column":24},"end":{"line":115,"column":78}},"46":{"start":{"line":116,"column":8},"end":{"line":116,"column":null}},"47":{"start":{"line":117,"column":8},"end":{"line":122,"column":null}},"48":{"start":{"line":127,"column":2},"end":{"line":127,"column":null}},"49":{"start":{"line":128,"column":2},"end":{"line":128,"column":null}}},"fnMap":{"0":{"name":"cloneSpecifications","decl":{"start":{"line":5,"column":22},"end":{"line":5,"column":null}},"loc":{"start":{"line":10,"column":17},"end":{"line":128,"column":null}},"line":10},"1":{"name":"collectIds","decl":{"start":{"line":18,"column":11},"end":{"line":18,"column":22}},"loc":{"start":{"line":18,"column":47},"end":{"line":21,"column":null}},"line":18},"2":{"name":"(anonymous_2)","decl":{"start":{"line":99,"column":46},"end":{"line":99,"column":51}},"loc":{"start":{"line":99,"column":57},"end":{"line":99,"column":64}},"line":99}},"branchMap":{"0":{"loc":{"start":{"line":21,"column":6},"end":{"line":21,"column":null}},"type":"if","locations":[{"start":{"line":21,"column":6},"end":{"line":21,"column":null}},{"start":{},"end":{}}],"line":21},"1":{"loc":{"start":{"line":28,"column":4},"end":{"line":29,"column":null}},"type":"if","locations":[{"start":{"line":28,"column":4},"end":{"line":29,"column":null}},{"start":{},"end":{}}],"line":28},"2":{"loc":{"start":{"line":48,"column":22},"end":{"line":48,"column":76}},"type":"cond-expr","locations":[{"start":{"line":48,"column":47},"end":{"line":48,"column":63}},{"start":{"line":48,"column":63},"end":{"line":48,"column":76}}],"line":48},"3":{"loc":{"start":{"line":70,"column":24},"end":{"line":70,"column":78}},"type":"cond-expr","locations":[{"start":{"line":70,"column":49},"end":{"line":70,"column":65}},{"start":{"line":70,"column":65},"end":{"line":70,"column":78}}],"line":70},"4":{"loc":{"start":{"line":79,"column":27},"end":{"line":79,"column":null}},"type":"binary-expr","locations":[{"start":{"line":79,"column":27},"end":{"line":79,"column":69}},{"start":{"line":79,"column":73},"end":{"line":79,"column":null}}],"line":79},"5":{"loc":{"start":{"line":85,"column":23},"end":{"line":85,"column":null}},"type":"binary-expr","locations":[{"start":{"line":85,"column":23},"end":{"line":85,"column":44}},{"start":{"line":85,"column":44},"end":{"line":85,"column":null}}],"line":85},"6":{"loc":{"start":{"line":99,"column":25},"end":{"line":99,"column":70}},"type":"binary-expr","locations":[{"start":{"line":99,"column":25},"end":{"line":99,"column":64}},{"start":{"line":99,"column":68},"end":{"line":99,"column":70}}],"line":99},"7":{"loc":{"start":{"line":115,"column":24},"end":{"line":115,"column":78}},"type":"cond-expr","locations":[{"start":{"line":115,"column":49},"end":{"line":115,"column":65}},{"start":{"line":115,"column":65},"end":{"line":115,"column":78}}],"line":115}},"s":{"0":0,"1":0,"2":0,"3":0,"4":0,"5":0,"6":0,"7":0,"8":0,"9":0,"10":0,"11":0,"12":0,"13":0,"14":0,"15":0,"16":0,"17":0,"18":0,"19":0,"20":0,"21":0,"22":0,"23":0,"24":0,"25":0,"26":0,"27":0,"28":0,"29":0,"30":0,"31":0,"32":0,"33":0,"34":0,"35":0,"36":0,"37":0,"38":0,"39":0,"40":0,"41":0,"42":0,"43":0,"44":0,"45":0,"46":0,"47":0,"48":0,"49":0},"f":{"0":0,"1":0,"2":0},"b":{"0":[0,0],"1":[0,0],"2":[0,0],"3":[0,0],"4":[0,0],"5":[0,0],"6":[0,0],"7":[0,0]},"meta":{"lastBranch":8,"lastFunction":3,"lastStatement":50,"seen":{"f:5:22:5:Infinity":0,"s:11:15:11:Infinity":0,"s:12:2:12:Infinity":1,"s:14:47:14:49":2,"s:16:21:16:52":3,"s:17:35:17:37":4,"f:18:11:18:22":1,"s:19:4:21:Infinity":5,"s:20:6:20:Infinity":6,"b:21:6:21:Infinity:undefined:undefined:undefined:undefined":0,"s:21:6:21:Infinity":7,"s:21:22:21:Infinity":8,"s:24:2:24:Infinity":9,"s:26:2:29:Infinity":10,"s:27:21:27:52":11,"b:28:4:29:Infinity:undefined:undefined:undefined:undefined":1,"s:28:4:29:Infinity":12,"s:29:6:29:Infinity":13,"s:33:20:33:Infinity":14,"s:39:7:39:9":15,"s:41:2:49:Infinity":16,"s:42:4:49:Infinity":17,"s:43:21:43:66":18,"s:44:21:44:66":19,"s:45:6:45:Infinity":20,"s:46:6:46:Infinity":21,"s:48:22:48:76":22,"b:48:47:48:63:48:63:48:76":2,"s:49:6:49:Infinity":23,"s:53:2:53:Infinity":24,"s:55:16:55:Infinity":25,"s:56:15:56:Infinity":26,"s:57:16:57:Infinity":27,"s:59:2:122:Infinity":28,"s:61:4:71:Infinity":29,"s:62:6:71:Infinity":30,"s:63:25:67:10":31,"s:68:8:68:Infinity":32,"s:70:24:70:78":33,"b:70:49:70:65:70:65:70:78":3,"s:71:8:71:Infinity":34,"s:76:4:122:Infinity":35,"s:77:6:77:Infinity":36,"s:78:6:122:Infinity":37,"s:79:27:79:Infinity":38,"b:79:27:79:69:79:73:79:Infinity":4,"s:81:25:101:10":39,"b:85:23:85:44:85:44:85:Infinity":5,"b:99:25:99:64:99:68:99:70":6,"f:99:46:99:51":2,"s:99:57:99:64":40,"s:103:8:103:Infinity":41,"s:104:8:104:Infinity":42,"s:106:8:112:Infinity":43,"s:114:8:114:Infinity":44,"s:115:24:115:78":45,"b:115:49:115:65:115:65:115:78":7,"s:116:8:116:Infinity":46,"s:117:8:122:Infinity":47,"s:127:2:127:Infinity":48,"s:128:2:128:Infinity":49}}}
,"/Users/zeluizr/Sites/vtex-catalog-cloner/src/workers/steps/05-products.ts": {"path":"/Users/zeluizr/Sites/vtex-catalog-cloner/src/workers/steps/05-products.ts","statementMap":{"0":{"start":{"line":17,"column":15},"end":{"line":17,"column":null}},"1":{"start":{"line":18,"column":2},"end":{"line":18,"column":null}},"2":{"start":{"line":20,"column":21},"end":{"line":20,"column":52}},"3":{"start":{"line":21,"column":32},"end":{"line":21,"column":34}},"4":{"start":{"line":23,"column":4},"end":{"line":25,"column":null}},"5":{"start":{"line":24,"column":6},"end":{"line":24,"column":null}},"6":{"start":{"line":25,"column":6},"end":{"line":25,"column":null}},"7":{"start":{"line":25,"column":22},"end":{"line":25,"column":null}},"8":{"start":{"line":28,"column":2},"end":{"line":28,"column":null}},"9":{"start":{"line":31,"column":22},"end":{"line":31,"column":null}},"10":{"start":{"line":32,"column":118},"end":{"line":32,"column":120}},"11":{"start":{"line":34,"column":2},"end":{"line":63,"column":null}},"12":{"start":{"line":35,"column":4},"end":{"line":35,"column":null}},"13":{"start":{"line":35,"column":39},"end":{"line":35,"column":null}},"14":{"start":{"line":37,"column":36},"end":{"line":37,"column":38}},"15":{"start":{"line":38,"column":54},"end":{"line":38,"column":56}},"16":{"start":{"line":39,"column":15},"end":{"line":39,"column":null}},"17":{"start":{"line":40,"column":21},"end":{"line":40,"column":null}},"18":{"start":{"line":42,"column":4},"end":{"line":59,"column":null}},"19":{"start":{"line":43,"column":6},"end":{"line":55,"column":null}},"20":{"start":{"line":44,"column":23},"end":{"line":44,"column":89}},"21":{"start":{"line":45,"column":24},"end":{"line":45,"column":51}},"22":{"start":{"line":46,"column":8},"end":{"line":46,"column":null}},"23":{"start":{"line":46,"column":34},"end":{"line":46,"column":null}},"24":{"start":{"line":48,"column":8},"end":{"line":51,"column":null}},"25":{"start":{"line":49,"column":22},"end":{"line":49,"column":45}},"26":{"start":{"line":50,"column":10},"end":{"line":50,"column":null}},"27":{"start":{"line":51,"column":10},"end":{"line":51,"column":null}},"28":{"start":{"line":54,"column":8},"end":{"line":54,"column":null}},"29":{"start":{"line":55,"column":8},"end":{"line":55,"column":null}},"30":{"start":{"line":55,"column":40},"end":{"line":55,"column":null}},"31":{"start":{"line":58,"column":22},"end":{"line":58,"column":76}},"32":{"start":{"line":59,"column":6},"end":{"line":59,"column":null}},"33":{"start":{"line":62,"column":4},"end":{"line":62,"column":null}},"34":{"start":{"line":63,"column":4},"end":{"line":63,"column":null}},"35":{"start":{"line":66,"column":2},"end":{"line":66,"column":null}},"36":{"start":{"line":68,"column":16},"end":{"line":68,"column":null}},"37":{"start":{"line":69,"column":15},"end":{"line":69,"column":null}},"38":{"start":{"line":70,"column":16},"end":{"line":70,"column":null}},"39":{"start":{"line":71,"column":40},"end":{"line":71,"column":42}},"40":{"start":{"line":73,"column":2},"end":{"line":130,"column":null}},"41":{"start":{"line":74,"column":21},"end":{"line":74,"column":56}},"42":{"start":{"line":76,"column":4},"end":{"line":130,"column":null}},"43":{"start":{"line":77,"column":6},"end":{"line":77,"column":null}},"44":{"start":{"line":78,"column":6},"end":{"line":130,"column":null}},"45":{"start":{"line":79,"column":24},"end":{"line":79,"column":61}},"46":{"start":{"line":80,"column":27},"end":{"line":80,"column":null}},"47":{"start":{"line":82,"column":27},"end":{"line":104,"column":10}},"48":{"start":{"line":106,"column":8},"end":{"line":106,"column":null}},"49":{"start":{"line":107,"column":8},"end":{"line":107,"column":null}},"50":{"start":{"line":108,"column":8},"end":{"line":112,"column":null}},"51":{"start":{"line":114,"column":8},"end":{"line":120,"column":null}},"52":{"start":{"line":122,"column":8},"end":{"line":122,"column":null}},"53":{"start":{"line":123,"column":24},"end":{"line":123,"column":78}},"54":{"start":{"line":124,"column":8},"end":{"line":124,"column":null}},"55":{"start":{"line":125,"column":8},"end":{"line":130,"column":null}},"56":{"start":{"line":135,"column":2},"end":{"line":135,"column":null}},"57":{"start":{"line":136,"column":2},"end":{"line":136,"column":null}},"58":{"start":{"line":137,"column":2},"end":{"line":137,"column":null}}},"fnMap":{"0":{"name":"cloneProducts","decl":{"start":{"line":11,"column":22},"end":{"line":11,"column":null}},"loc":{"start":{"line":16,"column":32},"end":{"line":137,"column":null}},"line":16},"1":{"name":"collectIds","decl":{"start":{"line":22,"column":11},"end":{"line":22,"column":22}},"loc":{"start":{"line":22,"column":47},"end":{"line":25,"column":null}},"line":22}},"branchMap":{"0":{"loc":{"start":{"line":25,"column":6},"end":{"line":25,"column":null}},"type":"if","locations":[{"start":{"line":25,"column":6},"end":{"line":25,"column":null}},{"start":{},"end":{}}],"line":25},"1":{"loc":{"start":{"line":35,"column":4},"end":{"line":35,"column":null}},"type":"if","locations":[{"start":{"line":35,"column":4},"end":{"line":35,"column":null}},{"start":{},"end":{}}],"line":35},"2":{"loc":{"start":{"line":46,"column":8},"end":{"line":46,"column":null}},"type":"if","locations":[{"start":{"line":46,"column":8},"end":{"line":46,"column":null}},{"start":{},"end":{}}],"line":46},"3":{"loc":{"start":{"line":55,"column":8},"end":{"line":55,"column":null}},"type":"if","locations":[{"start":{"line":55,"column":8},"end":{"line":55,"column":null}},{"start":{},"end":{}}],"line":55},"4":{"loc":{"start":{"line":58,"column":22},"end":{"line":58,"column":76}},"type":"cond-expr","locations":[{"start":{"line":58,"column":47},"end":{"line":58,"column":63}},{"start":{"line":58,"column":63},"end":{"line":58,"column":76}}],"line":58},"5":{"loc":{"start":{"line":80,"column":27},"end":{"line":80,"column":null}},"type":"binary-expr","locations":[{"start":{"line":80,"column":27},"end":{"line":80,"column":62}},{"start":{"line":80,"column":66},"end":{"line":80,"column":null}}],"line":80},"6":{"loc":{"start":{"line":90,"column":23},"end":{"line":90,"column":null}},"type":"binary-expr","locations":[{"start":{"line":90,"column":23},"end":{"line":90,"column":46}},{"start":{"line":90,"column":46},"end":{"line":90,"column":null}}],"line":90},"7":{"loc":{"start":{"line":91,"column":28},"end":{"line":91,"column":null}},"type":"binary-expr","locations":[{"start":{"line":91,"column":28},"end":{"line":91,"column":56}},{"start":{"line":91,"column":56},"end":{"line":91,"column":null}}],"line":91},"8":{"loc":{"start":{"line":93,"column":20},"end":{"line":93,"column":null}},"type":"binary-expr","locations":[{"start":{"line":93,"column":20},"end":{"line":93,"column":40}},{"start":{"line":93,"column":40},"end":{"line":93,"column":null}}],"line":93},"9":{"loc":{"start":{"line":94,"column":17},"end":{"line":94,"column":null}},"type":"binary-expr","locations":[{"start":{"line":94,"column":17},"end":{"line":94,"column":34}},{"start":{"line":94,"column":34},"end":{"line":94,"column":null}}],"line":94},"10":{"loc":{"start":{"line":96,"column":19},"end":{"line":96,"column":null}},"type":"binary-expr","locations":[{"start":{"line":96,"column":19},"end":{"line":96,"column":38}},{"start":{"line":96,"column":38},"end":{"line":96,"column":null}}],"line":96},"11":{"loc":{"start":{"line":97,"column":30},"end":{"line":97,"column":null}},"type":"binary-expr","locations":[{"start":{"line":97,"column":30},"end":{"line":97,"column":60}},{"start":{"line":97,"column":60},"end":{"line":97,"column":null}}],"line":97},"12":{"loc":{"start":{"line":101,"column":23},"end":{"line":101,"column":null}},"type":"binary-expr","locations":[{"start":{"line":101,"column":23},"end":{"line":101,"column":46}},{"start":{"line":101,"column":46},"end":{"line":101,"column":null}}],"line":101},"13":{"loc":{"start":{"line":102,"column":34},"end":{"line":102,"column":null}},"type":"binary-expr","locations":[{"start":{"line":102,"column":34},"end":{"line":102,"column":68}},{"start":{"line":102,"column":68},"end":{"line":102,"column":null}}],"line":102},"14":{"loc":{"start":{"line":103,"column":31},"end":{"line":103,"column":null}},"type":"binary-expr","locations":[{"start":{"line":103,"column":31},"end":{"line":103,"column":62}},{"start":{"line":103,"column":62},"end":{"line":103,"column":null}}],"line":103},"15":{"loc":{"start":{"line":111,"column":18},"end":{"line":111,"column":null}},"type":"binary-expr","locations":[{"start":{"line":111,"column":18},"end":{"line":111,"column":52}},{"start":{"line":111,"column":52},"end":{"line":111,"column":null}}],"line":111},"16":{"loc":{"start":{"line":123,"column":24},"end":{"line":123,"column":78}},"type":"cond-expr","locations":[{"start":{"line":123,"column":49},"end":{"line":123,"column":65}},{"start":{"line":123,"column":65},"end":{"line":123,"column":78}}],"line":123}},"s":{"0":6,"1":6,"2":6,"3":6,"4":12,"5":6,"6":6,"7":6,"8":6,"9":6,"10":6,"11":6,"12":6,"13":1,"14":5,"15":5,"16":5,"17":5,"18":5,"19":5,"20":6,"21":6,"22":6,"23":0,"24":6,"25":7,"26":7,"27":7,"28":6,"29":6,"30":5,"31":0,"32":0,"33":5,"34":5,"35":6,"36":6,"37":6,"38":6,"39":6,"40":6,"41":5,"42":5,"43":7,"44":7,"45":7,"46":7,"47":7,"48":6,"49":6,"50":6,"51":7,"52":1,"53":1,"54":1,"55":1,"56":6,"57":6,"58":6},"f":{"0":6,"1":12},"b":{"0":[6,0],"1":[1,5],"2":[0,6],"3":[5,1],"4":[0,0],"5":[7,6],"6":[7,0],"7":[7,0],"8":[7,0],"9":[7,0],"10":[7,0],"11":[7,0],"12":[7,0],"13":[7,0],"14":[7,0],"15":[6,0],"16":[1,0]},"meta":{"lastBranch":17,"lastFunction":2,"lastStatement":59,"seen":{"f:11:22:11:Infinity":0,"s:17:15:17:Infinity":0,"s:18:2:18:Infinity":1,"s:20:21:20:52":2,"s:21:32:21:34":3,"f:22:11:22:22":1,"s:23:4:25:Infinity":4,"s:24:6:24:Infinity":5,"b:25:6:25:Infinity:undefined:undefined:undefined:undefined":0,"s:25:6:25:Infinity":6,"s:25:22:25:Infinity":7,"s:28:2:28:Infinity":8,"s:31:22:31:Infinity":9,"s:32:118:32:120":10,"s:34:2:63:Infinity":11,"b:35:4:35:Infinity:undefined:undefined:undefined:undefined":1,"s:35:4:35:Infinity":12,"s:35:39:35:Infinity":13,"s:37:36:37:38":14,"s:38:54:38:56":15,"s:39:15:39:Infinity":16,"s:40:21:40:Infinity":17,"s:42:4:59:Infinity":18,"s:43:6:55:Infinity":19,"s:44:23:44:89":20,"s:45:24:45:51":21,"b:46:8:46:Infinity:undefined:undefined:undefined:undefined":2,"s:46:8:46:Infinity":22,"s:46:34:46:Infinity":23,"s:48:8:51:Infinity":24,"s:49:22:49:45":25,"s:50:10:50:Infinity":26,"s:51:10:51:Infinity":27,"s:54:8:54:Infinity":28,"b:55:8:55:Infinity:undefined:undefined:undefined:undefined":3,"s:55:8:55:Infinity":29,"s:55:40:55:Infinity":30,"s:58:22:58:76":31,"b:58:47:58:63:58:63:58:76":4,"s:59:6:59:Infinity":32,"s:62:4:62:Infinity":33,"s:63:4:63:Infinity":34,"s:66:2:66:Infinity":35,"s:68:16:68:Infinity":36,"s:69:15:69:Infinity":37,"s:70:16:70:Infinity":38,"s:71:40:71:42":39,"s:73:2:130:Infinity":40,"s:74:21:74:56":41,"s:76:4:130:Infinity":42,"s:77:6:77:Infinity":43,"s:78:6:130:Infinity":44,"s:79:24:79:61":45,"s:80:27:80:Infinity":46,"b:80:27:80:62:80:66:80:Infinity":5,"s:82:27:104:10":47,"b:90:23:90:46:90:46:90:Infinity":6,"b:91:28:91:56:91:56:91:Infinity":7,"b:93:20:93:40:93:40:93:Infinity":8,"b:94:17:94:34:94:34:94:Infinity":9,"b:96:19:96:38:96:38:96:Infinity":10,"b:97:30:97:60:97:60:97:Infinity":11,"b:101:23:101:46:101:46:101:Infinity":12,"b:102:34:102:68:102:68:102:Infinity":13,"b:103:31:103:62:103:62:103:Infinity":14,"s:106:8:106:Infinity":48,"s:107:8:107:Infinity":49,"s:108:8:112:Infinity":50,"b:111:18:111:52:111:52:111:Infinity":15,"s:114:8:120:Infinity":51,"s:122:8:122:Infinity":52,"s:123:24:123:78":53,"b:123:49:123:65:123:65:123:78":16,"s:124:8:124:Infinity":54,"s:125:8:130:Infinity":55,"s:135:2:135:Infinity":56,"s:136:2:136:Infinity":57,"s:137:2:137:Infinity":58}}}
,"/Users/zeluizr/Sites/vtex-catalog-cloner/src/workers/steps/06-skus.ts": {"path":"/Users/zeluizr/Sites/vtex-catalog-cloner/src/workers/steps/06-skus.ts","statementMap":{"0":{"start":{"line":13,"column":15},"end":{"line":13,"column":null}},"1":{"start":{"line":14,"column":2},"end":{"line":14,"column":null}},"2":{"start":{"line":16,"column":20},"end":{"line":16,"column":80}},"3":{"start":{"line":16,"column":55},"end":{"line":16,"column":78}},"4":{"start":{"line":17,"column":2},"end":{"line":17,"column":null}},"5":{"start":{"line":19,"column":16},"end":{"line":19,"column":null}},"6":{"start":{"line":20,"column":15},"end":{"line":20,"column":null}},"7":{"start":{"line":21,"column":16},"end":{"line":21,"column":null}},"8":{"start":{"line":23,"column":2},"end":{"line":75,"column":null}},"9":{"start":{"line":24,"column":4},"end":{"line":75,"column":null}},"10":{"start":{"line":25,"column":6},"end":{"line":25,"column":null}},"11":{"start":{"line":26,"column":6},"end":{"line":75,"column":null}},"12":{"start":{"line":27,"column":20},"end":{"line":27,"column":49}},"13":{"start":{"line":29,"column":23},"end":{"line":54,"column":10}},"14":{"start":{"line":56,"column":8},"end":{"line":56,"column":null}},"15":{"start":{"line":57,"column":8},"end":{"line":57,"column":null}},"16":{"start":{"line":59,"column":8},"end":{"line":65,"column":null}},"17":{"start":{"line":67,"column":8},"end":{"line":67,"column":null}},"18":{"start":{"line":68,"column":24},"end":{"line":68,"column":78}},"19":{"start":{"line":69,"column":8},"end":{"line":69,"column":null}},"20":{"start":{"line":70,"column":8},"end":{"line":75,"column":null}},"21":{"start":{"line":80,"column":2},"end":{"line":80,"column":null}},"22":{"start":{"line":81,"column":2},"end":{"line":81,"column":null}}},"fnMap":{"0":{"name":"cloneSkus","decl":{"start":{"line":6,"column":22},"end":{"line":6,"column":null}},"loc":{"start":{"line":12,"column":17},"end":{"line":81,"column":null}},"line":12},"1":{"name":"(anonymous_1)","decl":{"start":{"line":16,"column":36},"end":{"line":16,"column":44}},"loc":{"start":{"line":16,"column":55},"end":{"line":16,"column":78}},"line":16}},"branchMap":{"0":{"loc":{"start":{"line":33,"column":17},"end":{"line":33,"column":null}},"type":"binary-expr","locations":[{"start":{"line":33,"column":17},"end":{"line":33,"column":30}},{"start":{"line":33,"column":30},"end":{"line":33,"column":null}}],"line":33},"1":{"loc":{"start":{"line":34,"column":26},"end":{"line":34,"column":null}},"type":"binary-expr","locations":[{"start":{"line":34,"column":26},"end":{"line":34,"column":48}},{"start":{"line":34,"column":48},"end":{"line":34,"column":null}}],"line":34},"2":{"loc":{"start":{"line":35,"column":26},"end":{"line":35,"column":null}},"type":"binary-expr","locations":[{"start":{"line":35,"column":26},"end":{"line":35,"column":48}},{"start":{"line":35,"column":48},"end":{"line":35,"column":null}}],"line":35},"3":{"loc":{"start":{"line":36,"column":25},"end":{"line":36,"column":null}},"type":"binary-expr","locations":[{"start":{"line":36,"column":25},"end":{"line":36,"column":46}},{"start":{"line":36,"column":46},"end":{"line":36,"column":null}}],"line":36},"4":{"loc":{"start":{"line":37,"column":28},"end":{"line":37,"column":null}},"type":"binary-expr","locations":[{"start":{"line":37,"column":28},"end":{"line":37,"column":52}},{"start":{"line":37,"column":52},"end":{"line":37,"column":null}}],"line":37},"5":{"loc":{"start":{"line":42,"column":23},"end":{"line":42,"column":null}},"type":"binary-expr","locations":[{"start":{"line":42,"column":23},"end":{"line":42,"column":42}},{"start":{"line":42,"column":42},"end":{"line":42,"column":null}}],"line":42},"6":{"loc":{"start":{"line":43,"column":17},"end":{"line":43,"column":null}},"type":"binary-expr","locations":[{"start":{"line":43,"column":17},"end":{"line":43,"column":30}},{"start":{"line":43,"column":30},"end":{"line":43,"column":null}}],"line":43},"7":{"loc":{"start":{"line":46,"column":28},"end":{"line":46,"column":null}},"type":"binary-expr","locations":[{"start":{"line":46,"column":28},"end":{"line":46,"column":52}},{"start":{"line":46,"column":52},"end":{"line":46,"column":null}}],"line":46},"8":{"loc":{"start":{"line":47,"column":33},"end":{"line":47,"column":null}},"type":"binary-expr","locations":[{"start":{"line":47,"column":33},"end":{"line":47,"column":62}},{"start":{"line":47,"column":62},"end":{"line":47,"column":null}}],"line":47},"9":{"loc":{"start":{"line":48,"column":27},"end":{"line":48,"column":null}},"type":"binary-expr","locations":[{"start":{"line":48,"column":27},"end":{"line":48,"column":50}},{"start":{"line":48,"column":50},"end":{"line":48,"column":null}}],"line":48},"10":{"loc":{"start":{"line":49,"column":26},"end":{"line":49,"column":null}},"type":"binary-expr","locations":[{"start":{"line":49,"column":26},"end":{"line":49,"column":48}},{"start":{"line":49,"column":48},"end":{"line":49,"column":null}}],"line":49},"11":{"loc":{"start":{"line":50,"column":21},"end":{"line":50,"column":null}},"type":"binary-expr","locations":[{"start":{"line":50,"column":21},"end":{"line":50,"column":38}},{"start":{"line":50,"column":38},"end":{"line":50,"column":null}}],"line":50},"12":{"loc":{"start":{"line":51,"column":29},"end":{"line":51,"column":null}},"type":"binary-expr","locations":[{"start":{"line":51,"column":29},"end":{"line":51,"column":54}},{"start":{"line":51,"column":54},"end":{"line":51,"column":null}}],"line":51},"13":{"loc":{"start":{"line":52,"column":18},"end":{"line":52,"column":34}},"type":"binary-expr","locations":[{"start":{"line":52,"column":18},"end":{"line":52,"column":32}},{"start":{"line":52,"column":32},"end":{"line":52,"column":34}}],"line":52},"14":{"loc":{"start":{"line":68,"column":24},"end":{"line":68,"column":78}},"type":"cond-expr","locations":[{"start":{"line":68,"column":49},"end":{"line":68,"column":65}},{"start":{"line":68,"column":65},"end":{"line":68,"column":78}}],"line":68}},"s":{"0":0,"1":0,"2":0,"3":0,"4":0,"5":0,"6":0,"7":0,"8":0,"9":0,"10":0,"11":0,"12":0,"13":0,"14":0,"15":0,"16":0,"17":0,"18":0,"19":0,"20":0,"21":0,"22":0},"f":{"0":0,"1":0},"b":{"0":[0,0],"1":[0,0],"2":[0,0],"3":[0,0],"4":[0,0],"5":[0,0],"6":[0,0],"7":[0,0],"8":[0,0],"9":[0,0],"10":[0,0],"11":[0,0],"12":[0,0],"13":[0,0],"14":[0,0]},"meta":{"lastBranch":15,"lastFunction":2,"lastStatement":23,"seen":{"f:6:22:6:Infinity":0,"s:13:15:13:Infinity":0,"s:14:2:14:Infinity":1,"s:16:20:16:80":2,"f:16:36:16:44":1,"s:16:55:16:78":3,"s:17:2:17:Infinity":4,"s:19:16:19:Infinity":5,"s:20:15:20:Infinity":6,"s:21:16:21:Infinity":7,"s:23:2:75:Infinity":8,"s:24:4:75:Infinity":9,"s:25:6:25:Infinity":10,"s:26:6:75:Infinity":11,"s:27:20:27:49":12,"s:29:23:54:10":13,"b:33:17:33:30:33:30:33:Infinity":0,"b:34:26:34:48:34:48:34:Infinity":1,"b:35:26:35:48:35:48:35:Infinity":2,"b:36:25:36:46:36:46:36:Infinity":3,"b:37:28:37:52:37:52:37:Infinity":4,"b:42:23:42:42:42:42:42:Infinity":5,"b:43:17:43:30:43:30:43:Infinity":6,"b:46:28:46:52:46:52:46:Infinity":7,"b:47:33:47:62:47:62:47:Infinity":8,"b:48:27:48:50:48:50:48:Infinity":9,"b:49:26:49:48:49:48:49:Infinity":10,"b:50:21:50:38:50:38:50:Infinity":11,"b:51:29:51:54:51:54:51:Infinity":12,"b:52:18:52:32:52:32:52:34":13,"s:56:8:56:Infinity":14,"s:57:8:57:Infinity":15,"s:59:8:65:Infinity":16,"s:67:8:67:Infinity":17,"s:68:24:68:78":18,"b:68:49:68:65:68:65:68:78":14,"s:69:8:69:Infinity":19,"s:70:8:75:Infinity":20,"s:80:2:80:Infinity":21,"s:81:2:81:Infinity":22}}}
,"/Users/zeluizr/Sites/vtex-catalog-cloner/src/workers/steps/07-images.ts": {"path":"/Users/zeluizr/Sites/vtex-catalog-cloner/src/workers/steps/07-images.ts","statementMap":{"0":{"start":{"line":13,"column":15},"end":{"line":13,"column":null}},"1":{"start":{"line":14,"column":2},"end":{"line":14,"column":null}},"2":{"start":{"line":16,"column":30},"end":{"line":16,"column":32}},"3":{"start":{"line":17,"column":2},"end":{"line":20,"column":null}},"4":{"start":{"line":18,"column":4},"end":{"line":20,"column":null}},"5":{"start":{"line":19,"column":6},"end":{"line":20,"column":null}},"6":{"start":{"line":20,"column":8},"end":{"line":20,"column":null}},"7":{"start":{"line":25,"column":2},"end":{"line":25,"column":null}},"8":{"start":{"line":27,"column":16},"end":{"line":27,"column":null}},"9":{"start":{"line":28,"column":15},"end":{"line":28,"column":null}},"10":{"start":{"line":30,"column":2},"end":{"line":69,"column":null}},"11":{"start":{"line":30,"column":15},"end":{"line":30,"column":18}},"12":{"start":{"line":31,"column":21},"end":{"line":31,"column":null}},"13":{"start":{"line":32,"column":21},"end":{"line":32,"column":54}},"14":{"start":{"line":34,"column":4},"end":{"line":69,"column":null}},"15":{"start":{"line":35,"column":21},"end":{"line":35,"column":56}},"16":{"start":{"line":37,"column":6},"end":{"line":49,"column":null}},"17":{"start":{"line":38,"column":8},"end":{"line":49,"column":null}},"18":{"start":{"line":39,"column":10},"end":{"line":44,"column":null}},"19":{"start":{"line":45,"column":10},"end":{"line":45,"column":null}},"20":{"start":{"line":47,"column":10},"end":{"line":47,"column":null}},"21":{"start":{"line":48,"column":26},"end":{"line":48,"column":80}},"22":{"start":{"line":49,"column":10},"end":{"line":49,"column":null}},"23":{"start":{"line":53,"column":6},"end":{"line":59,"column":null}},"24":{"start":{"line":61,"column":6},"end":{"line":61,"column":null}},"25":{"start":{"line":62,"column":22},"end":{"line":62,"column":76}},"26":{"start":{"line":63,"column":6},"end":{"line":63,"column":null}},"27":{"start":{"line":64,"column":6},"end":{"line":69,"column":null}},"28":{"start":{"line":73,"column":2},"end":{"line":73,"column":null}},"29":{"start":{"line":74,"column":2},"end":{"line":74,"column":null}}},"fnMap":{"0":{"name":"cloneImages","decl":{"start":{"line":6,"column":22},"end":{"line":6,"column":null}},"loc":{"start":{"line":12,"column":17},"end":{"line":74,"column":null}},"line":12}},"branchMap":{"0":{"loc":{"start":{"line":19,"column":6},"end":{"line":20,"column":null}},"type":"if","locations":[{"start":{"line":19,"column":6},"end":{"line":20,"column":null}},{"start":{},"end":{}}],"line":19},"1":{"loc":{"start":{"line":43,"column":19},"end":{"line":43,"column":null}},"type":"binary-expr","locations":[{"start":{"line":43,"column":19},"end":{"line":43,"column":34}},{"start":{"line":43,"column":34},"end":{"line":43,"column":null}}],"line":43},"2":{"loc":{"start":{"line":48,"column":26},"end":{"line":48,"column":80}},"type":"cond-expr","locations":[{"start":{"line":48,"column":51},"end":{"line":48,"column":67}},{"start":{"line":48,"column":67},"end":{"line":48,"column":80}}],"line":48},"3":{"loc":{"start":{"line":62,"column":22},"end":{"line":62,"column":76}},"type":"cond-expr","locations":[{"start":{"line":62,"column":47},"end":{"line":62,"column":63}},{"start":{"line":62,"column":63},"end":{"line":62,"column":76}}],"line":62}},"s":{"0":0,"1":0,"2":0,"3":0,"4":0,"5":0,"6":0,"7":0,"8":0,"9":0,"10":0,"11":0,"12":0,"13":0,"14":0,"15":0,"16":0,"17":0,"18":0,"19":0,"20":0,"21":0,"22":0,"23":0,"24":0,"25":0,"26":0,"27":0,"28":0,"29":0},"f":{"0":0},"b":{"0":[0,0],"1":[0,0],"2":[0,0],"3":[0,0]},"meta":{"lastBranch":4,"lastFunction":1,"lastStatement":30,"seen":{"f:6:22:6:Infinity":0,"s:13:15:13:Infinity":0,"s:14:2:14:Infinity":1,"s:16:30:16:32":2,"s:17:2:20:Infinity":3,"s:18:4:20:Infinity":4,"b:19:6:20:Infinity:undefined:undefined:undefined:undefined":0,"s:19:6:20:Infinity":5,"s:20:8:20:Infinity":6,"s:25:2:25:Infinity"
[...]
tart":{"line":75,"column":12},"end":{"line":75,"column":null}},{"start":{},"end":{}}],"line":75},"6":{"loc":{"start":{"line":84,"column":28},"end":{"line":84,"column":82}},"type":"cond-expr","locations":[{"start":{"line":84,"column":53},"end":{"line":84,"column":69}},{"start":{"line":84,"column":69},"end":{"line":84,"column":82}}],"line":84},"7":{"loc":{"start":{"line":99,"column":24},"end":{"line":99,"column":78}},"type":"cond-expr","locations":[{"start":{"line":99,"column":49},"end":{"line":99,"column":65}},{"start":{"line":99,"column":65},"end":{"line":99,"column":78}}],"line":99}},"s":{"0":0,"1":0,"2":0,"3":0,"4":0,"5":0,"6":0,"7":0,"8":0,"9":0,"10":0,"11":0,"12":0,"13":0,"14":0,"15":0,"16":0,"17":0,"18":0,"19":0,"20":0,"21":0,"22":0,"23":0,"24":0,"25":0,"26":0,"27":0,"28":0,"29":0,"30":0,"31":0,"32":0,"33":0,"34":0,"35":0,"36":0,"37":0,"38":0,"39":0,"40":0,"41":0,"42":0,"43":0,"44":0,"45":0,"46":0,"47":0,"48":0,"49":0},"f":{"0":0,"1":0},"b":{"0":[0,0],"1":[0,0],"2":[0,0],"3":[0,0],"4":[0,0],"5":[0,0],"6":[0,0],"7":[0,0]},"meta":{"lastBranch":8,"lastFunction":2,"lastStatement":50,"seen":{"f:6:22:6:Infinity":0,"s:13:15:13:Infinity":0,"s:14:2:14:Infinity":1,"s:16:21:16:102":2,"f:16:62:16:70":1,"s:16:79:16:100":3,"s:17:2:17:Infinity":4,"s:19:16:19:Infinity":5,"s:20:15:20:Infinity":6,"s:21:16:21:Infinity":7,"s:23:2:100:Infinity":8,"s:24:25:24:59":9,"b:25:4:25:Infinity:undefined:undefined:undefined:undefined":0,"s:25:4:25:Infinity":10,"s:25:23:25:Infinity":11,"s:27:4:27:Infinity":12,"s:30:4:60:Infinity":13,"s:31:20:31:71":14,"s:32:6:47:Infinity":15,"s:33:8:47:Infinity":16,"s:34:29:34:60":17,"b:35:10:35:Infinity:undefined:undefined:undefined:undefined":1,"s:35:10:35:Infinity":18,"s:35:40:35:Infinity":19,"s:37:10:40:Infinity":20,"s:41:10:41:Infinity":21,"s:43:10:43:Infinity":22,"s:44:26:44:80":23,"b:44:51:44:67:44:67:44:80":2,"s:45:10:47:Infinity":24,"s:51:6:57:Infinity":25,"s:59:22:59:76":26,"b:59:47:59:63:59:63:59:76":3,"s:60:6:60:Infinity":27,"s:64:4:100:Infinity":28,"s:65:23:65:49":29,"b:66:6:66:Infinity:undefined:undefined:undefined:undefined":4,"s:66:6:66:Infinity":30,"s:66:21:66:Infinity":31,"s:68:6:68:Infinity":32,"s:70:6:100:Infinity":33,"s:71:25:71:68":34,"s:72:8:87:Infinity":35,"s:73:10:87:Infinity":36,"s:74:31:74:67":37,"b:75:12:75:Infinity:undefined:undefined:undefined:undefined":5,"s:75:12:75:Infinity":38,"s:75:42:75:Infinity":39,"s:77:12:80:Infinity":40,"s:81:12:81:Infinity":41,"s:83:12:83:Infinity":42,"s:84:28:84:82":43,"b:84:53:84:69:84:69:84:82":6,"s:85:12:87:Infinity":44,"s:91:8:97:Infinity":45,"s:99:24:99:78":46,"b:99:49:99:65:99:65:99:78":7,"s:100:8:100:Infinity":47,"s:105:2:105:Infinity":48,"s:106:2:106:Infinity":49}}}
,"/Users/zeluizr/Sites/vtex-catalog-cloner/src/workers/steps/09-prices.ts": {"path":"/Users/zeluizr/Sites/vtex-catalog-cloner/src/workers/steps/09-prices.ts","statementMap":{"0":{"start":{"line":13,"column":15},"end":{"line":13,"column":null}},"1":{"start":{"line":14,"column":2},"end":{"line":14,"column":null}},"2":{"start":{"line":16,"column":30},"end":{"line":16,"column":32}},"3":{"start":{"line":17,"column":2},"end":{"line":20,"column":null}},"4":{"start":{"line":18,"column":4},"end":{"line":20,"column":null}},"5":{"start":{"line":19,"column":6},"end":{"line":20,"column":null}},"6":{"start":{"line":20,"column":8},"end":{"line":20,"column":null}},"7":{"start":{"line":25,"column":2},"end":{"line":25,"column":null}},"8":{"start":{"line":27,"column":16},"end":{"line":27,"column":null}},"9":{"start":{"line":28,"column":15},"end":{"line":28,"column":null}},"10":{"start":{"line":30,"column":2},"end":{"line":63,"column":null}},"11":{"start":{"line":30,"column":15},"end":{"line":30,"column":18}},"12":{"start":{"line":31,"column":21},"end":{"line":31,"column":null}},"13":{"start":{"line":32,"column":21},"end":{"line":32,"column":54}},"14":{"start":{"line":34,"column":4},"end":{"line":63,"column":null}},"15":{"start":{"line":35,"column":20},"end":{"line":35,"column":51}},"16":{"start":{"line":36,"column":6},"end":{"line":44,"column":null}},"17":{"start":{"line":37,"column":8},"end":{"line":43,"column":null}},"18":{"start":{"line":44,"column":8},"end":{"line":44,"column":null}},"19":{"start":{"line":47,"column":6},"end":{"line":53,"column":null}},"20":{"start":{"line":55,"column":6},"end":{"line":55,"column":null}},"21":{"start":{"line":56,"column":22},"end":{"line":56,"column":76}},"22":{"start":{"line":57,"column":6},"end":{"line":57,"column":null}},"23":{"start":{"line":58,"column":6},"end":{"line":63,"column":null}},"24":{"start":{"line":67,"column":2},"end":{"line":67,"column":null}},"25":{"start":{"line":68,"column":2},"end":{"line":68,"column":null}}},"fnMap":{"0":{"name":"clonePrices","decl":{"start":{"line":6,"column":22},"end":{"line":6,"column":null}},"loc":{"start":{"line":12,"column":17},"end":{"line":68,"column":null}},"line":12}},"branchMap":{"0":{"loc":{"start":{"line":19,"column":6},"end":{"line":20,"column":null}},"type":"if","locations":[{"start":{"line":19,"column":6},"end":{"line":20,"column":null}},{"start":{},"end":{}}],"line":19},"1":{"loc":{"start":{"line":36,"column":6},"end":{"line":44,"column":null}},"type":"if","locations":[{"start":{"line":36,"column":6},"end":{"line":44,"column":null}},{"start":{},"end":{}}],"line":36},"2":{"loc":{"start":{"line":42,"column":23},"end":{"line":42,"column":null}},"type":"binary-expr","locations":[{"start":{"line":42,"column":23},"end":{"line":42,"column":44}},{"start":{"line":42,"column":44},"end":{"line":42,"column":null}}],"line":42},"3":{"loc":{"start":{"line":56,"column":22},"end":{"line":56,"column":76}},"type":"cond-expr","locations":[{"start":{"line":56,"column":47},"end":{"line":56,"column":63}},{"start":{"line":56,"column":63},"end":{"line":56,"column":76}}],"line":56}},"s":{"0":0,"1":0,"2":0,"3":0,"4":0,"5":0,"6":0,"7":0,"8":0,"9":0,"10":0,"11":0,"12":0,"13":0,"14":0,"15":0,"16":0,"17":0,"18":0,"19":0,"20":0,"21":0,"22":0,"23":0,"24":0,"25":0},"f":{"0":0},"b":{"0":[0,0],"1":[0,0],"2":[0,0],"3":[0,0]},"meta":{"lastBranch":4,"lastFunction":1,"lastStatement":26,"seen":{"f:6:22:6:Infinity":0,"s:13:15:13:Infinity":0,"s:14:2:14:Infinity":1,"s:16:30:16:32":2,"s:17:2:20:Infinity":3,"s:18:4:20:Infinity":4,"b:19:6:20:Infinity:undefined:undefined:undefined:undefined":0,"s:19:6:20:Infinity":5,"s:20:8:20:Infinity":6,"s:25:2:25:Infinity":7,"s:27:16:27:Infinity":8,"s:28:15:28:Infinity":9,"s:30:2:63:Infinity":10,"s:30:15:30:18":11,"s:31:21:31:Infinity":12,"s:32:21:32:54":13,"s:34:4:63:Infinity":14,"s:35:20:35:51":15,"b:36:6:44:Infinity:undefined:undefined:undefined:undefined":1,"s:36:6:44:Infinity":16,"s:37:8:43:Infinity":17,"b:42:23:42:44:42:44:42:Infinity":2,"s:44:8:44:Infinity":18,"s:47:6:53:Infinity":19,"s:55:6:55:Infinity":20,"s:56:22:56:76":21,"b:56:47:56:63:56:63:56:76":3,"s:57:6:57:Infinity":22,"s:58:6:63:Infinity":23,"s:67:2:67:Infinity":24,"s:68:2:68:Infinity":25}}}
,"/Users/zeluizr/Sites/vtex-catalog-cloner/src/workers/steps/10-stock.ts": {"path":"/Users/zeluizr/Sites/vtex-catalog-cloner/src/workers/steps/10-stock.ts","statementMap":{"0":{"start":{"line":13,"column":15},"end":{"line":13,"column":null}},"1":{"start":{"line":14,"column":2},"end":{"line":14,"column":null}},"2":{"start":{"line":16,"column":30},"end":{"line":16,"column":32}},"3":{"start":{"line":17,"column":2},"end":{"line":20,"column":null}},"4":{"start":{"line":18,"column":4},"end":{"line":20,"column":null}},"5":{"start":{"line":19,"column":6},"end":{"line":20,"column":null}},"6":{"start":{"line":20,"column":8},"end":{"line":20,"column":null}},"7":{"start":{"line":25,"column":75},"end":{"line":25,"column":77}},"8":{"start":{"line":26,"column":75},"end":{"line":26,"column":77}},"9":{"start":{"line":28,"column":2},"end":{"line":33,"column":null}},"10":{"start":{"line":29,"column":4},"end":{"line":29,"column":null}},"11":{"start":{"line":30,"column":4},"end":{"line":30,"column":null}},"12":{"start":{"line":32,"column":20},"end":{"line":32,"column":74}},"13":{"start":{"line":33,"column":4},"end":{"line":33,"column":null}},"14":{"start":{"line":36,"column":2},"end":{"line":36,"column":null}},"15":{"start":{"line":38,"column":16},"end":{"line":38,"column":null}},"16":{"start":{"line":39,"column":15},"end":{"line":39,"column":null}},"17":{"start":{"line":41,"column":2},"end":{"line":79,"column":null}},"18":{"start":{"line":41,"column":15},"end":{"line":41,"column":18}},"19":{"start":{"line":42,"column":21},"end":{"line":42,"column":null}},"20":{"start":{"line":43,"column":21},"end":{"line":43,"column":54}},"21":{"start":{"line":46,"column":4},"end":{"line":61,"column":null}},"22":{"start":{"line":47,"column":30},"end":{"line":47,"column":91}},"23":{"start":{"line":47,"column":59},"end":{"line":47,"column":91}},"24":{"start":{"line":48,"column":6},"end":{"line":48,"column":null}},"25":{"start":{"line":48,"column":28},"end":{"line":48,"column":null}},"26":{"start":{"line":50,"column":6},"end":{"line":61,"column":null}},"27":{"start":{"line":51,"column":26},"end":{"line":51,"column":81}},"28":{"start":{"line":52,"column":8},"end":{"line":55,"column":null}},"29":{"start":{"line":56,"column":8},"end":{"line":56,"column":null}},"30":{"start":{"line":58,"column":24},"end":{"line":58,"column":78}},"31":{"start":{"line":59,"column":8},"end":{"line":61,"column":null}},"32":{"start":{"line":66,"column":4},"end":{"line":70,"column":null}},"33":{"start":{"line":67,"column":6},"end":{"line":67,"column":null}},"34":{"start":{"line":69,"column":22},"end":{"line":69,"column":76}},"35":{"start":{"line":70,"column":6},"end":{"line":70,"column":null}},"36":{"start":{"line":73,"column":4},"end":{"line":79,"column":null}},"37":{"start":{"line":82,"column":2},"end":{"line":82,"column":null}},"38":{"start":{"line":83,"column":2},"end":{"line":83,"column":null}}},"fnMap":{"0":{"name":"cloneStock","decl":{"start":{"line":6,"column":22},"end":{"line":6,"column":null}},"loc":{"start":{"line":12,"column":17},"end":{"line":83,"column":null}},"line":12},"1":{"name":"(anonymous_1)","decl":{"start":{"line":47,"column":47},"end":{"line":47,"column":53}},"loc":{"start":{"line":47,"column":59},"end":{"line":47,"column":91}},"line":47}},"branchMap":{"0":{"loc":{"start":{"line":19,"column":6},"end":{"line":20,"column":null}},"type":"if","locations":[{"start":{"line":19,"column":6},"end":{"line":20,"column":null}},{"start":{},"end":{}}],"line":19},"1":{"loc":{"start":{"line":32,"column":20},"end":{"line":32,"column":74}},"type":"cond-expr","locations":[{"start":{"line":32,"column":45},"end":{"line":32,"column":61}},{"start":{"line":32,"column":61},"end":{"line":32,"column":74}}],"line":32},"2":{"loc":{"start":{"line":48,"column":6},"end":{"line":48,"column":null}},"type":"if","locations":[{"start":{"line":48,"column":6},"end":{"line":48,"column":null}},{"start":{},"end":{}}],"line":48},"3":{"loc":{"start":{"line":58,"column":24},"end":{"line":58,"column":78}},"type":"cond-expr","locations":[{"start":{"line":58,"column":49},"end":{"line":58,"column":65}},{"start":{"line":58,"column":65},"end":{"line":58,"column":78}}],"line":58},"4":{"loc":{"start":{"line":69,"column":22},"end":{"line":69,"column":76}},"type":"cond-expr","locations":[{"start":{"line":69,"column":47},"end":{"line":69,"column":63}},{"start":{"line":69,"column":63},"end":{"line":69,"column":76}}],"line":69}},"s":{"0":0,"1":0,"2":0,"3":0,"4":0,"5":0,"6":0,"7":0,"8":0,"9":0,"10":0,"11":0,"12":0,"13":0,"14":0,"15":0,"16":0,"17":0,"18":0,"19":0,"20":0,"21":0,"22":0,"23":0,"24":0,"25":0,"26":0,"27":0,"28":0,"29":0,"30":0,"31":0,"32":0,"33":0,"34":0,"35":0,"36":0,"37":0,"38":0},"f":{"0":0,"1":0},"b":{"0":[0,0],"1":[0,0],"2":[0,0],"3":[0,0],"4":[0,0]},"meta":{"lastBranch":5,"lastFunction":2,"lastStatement":39,"seen":{"f:6:22:6:Infinity":0,"s:13:15:13:Infinity":0,"s:14:2:14:Infinity":1,"s:16:30:16:32":2,"s:17:2:20:Infinity":3,"s:18:4:20:Infinity":4,"b:19:6:20:Infinity:undefined:undefined:undefined:undefined":0,"s:19:6:20:Infinity":5,"s:20:8:20:Infinity":6,"s:25:75:25:77":7,"s:26:75:26:77":8,"s:28:2:33:Infinity":9,"s:29:4:29:Infinity":10,"s:30:4:30:Infinity":11,"s:32:20:32:74":12,"b:32:45:32:61:32:61:32:74":1,"s:33:4:33:Infinity":13,"s:36:2:36:Infinity":14,"s:38:16:38:Infinity":15,"s:39:15:39:Infinity":16,"s:41:2:79:Infinity":17,"s:41:15:41:18":18,"s:42:21:42:Infinity":19,"s:43:21:43:54":20,"s:46:4:61:Infinity":21,"s:47:30:47:91":22,"f:47:47:47:53":1,"s:47:59:47:91":23,"b:48:6:48:Infinity:undefined:undefined:undefined:undefined":2,"s:48:6:48:Infinity":24,"s:48:28:48:Infinity":25,"s:50:6:61:Infinity":26,"s:51:26:51:81":27,"s:52:8:55:Infinity":28,"s:56:8:56:Infinity":29,"s:58:24:58:78":30,"b:58:49:58:65:58:65:58:78":3,"s:59:8:61:Infinity":31,"s:66:4:70:Infinity":32,"s:67:6:67:Infinity":33,"s:69:22:69:76":34,"b:69:47:69:63:69:63:69:76":4,"s:70:6:70:Infinity":35,"s:73:4:79:Infinity":36,"s:82:2:82:Infinity":37,"s:83:2:83:Infinity":38}}}
,"/Users/zeluizr/Sites/vtex-catalog-cloner/src/workers/steps/11-collections.ts": {"path":"/Users/zeluizr/Sites/vtex-catalog-cloner/src/workers/steps/11-collections.ts","statementMap":{"0":{"start":{"line":11,"column":15},"end":{"line":11,"column":null}},"1":{"start":{"line":12,"column":2},"end":{"line":12,"column":null}},"2":{"start":{"line":15,"column":76},"end":{"line":15,"column":78}},"3":{"start":{"line":16,"column":19},"end":{"line":16,"column":null}},"4":{"start":{"line":17,"column":13},"end":{"line":17,"column":null}},"5":{"start":{"line":19,"column":2},"end":{"line":29,"column":null}},"6":{"start":{"line":20,"column":4},"end":{"line":25,"column":null}},"7":{"start":{"line":21,"column":19},"end":{"line":21,"column":73}},"8":{"start":{"line":22,"column":6},"end":{"line":22,"column":null}},"9":{"start":{"line":22,"column":29},"end":{"line":22,"column":null}},"10":{"start":{"line":23,"column":6},"end":{"line":23,"column":null}},"11":{"start":{"line":24,"column":6},"end":{"line":24,"column":null}},"12":{"start":{"line":25,"column":6},"end":{"line":25,"column":null}},"13":{"start":{"line":25,"column":34},"end":{"line":25,"column":null}},"14":{"start":{"line":28,"column":20},"end":{"line":28,"column":74}},"15":{"start":{"line":29,"column":4},"end":{"line":29,"column":null}},"16":{"start":{"line":32,"column":2},"end":{"line":32,"column":null}},"17":{"start":{"line":34,"column":16},"end":{"line":34,"column":null}},"18":{"start":{"line":35,"column":15},"end":{"line":35,"column":null}},"19":{"start":{"line":37,"column":2},"end":{"line":89,"column":null}},"20":{"start":{"line":37,"column":15},"end":{"line":37,"column":18}},"21":{"start":{"line":38,"column":23},"end":{"line":38,"column":null}},"22":{"start":{"line":39,"column":4},"end":{"line":89,"column":null}},"23":{"start":{"line":40,"column":28},"end":{"line":47,"column":8}},"24":{"start":{"line":49,"column":6},"end":{"line":49,"column":null}},"25":{"start":{"line":50,"column":6},"end":{"line":50,"column":null}},"26":{"start":{"line":53,"column":6},"end":{"line":70,"column":null}},"27":{"start":{"line":54,"column":26},"end":{"line":54,"column":75}},"28":{"start":{"line":55,"column":8},"end":{"line":64,"column":null}},"29":{"start":{"line":56,"column":27},"end":{"line":56,"column":53}},"30":{"start":{"line":57,"column":10},"end":{"line":64,"column":null}},"31":{"start":{"line":58,"column":12},"end":{"line":64,"column":null}},"32":{"start":{"line":59,"column":14},"end":{"line":59,"column":null}},"33":{"start":{"line":61,"column":30},"end":{"line":61,"column":84}},"34":{"start":{"line":62,"column":14},"end":{"line":64,"column":null}},"35":{"start":{"line":69,"column":24},"end":{"line":69,"column":78}},"36":{"start":{"line":70,"column":8},"end":{"line":70,"column":null}},"37":{"start":{"line":73,"column":6},"end":{"line":79,"column":null}},"38":{"start":{"line":81,"column":6},"end":{"line":81,"column":null}},"39":{"start":{"line":82,"column":22},"end":{"line":82,"column":76}},"40":{"start":{"line":83,"column":6},"end":{"line":83,"column":null}},"41":{"start":{"line":84,"column":6},"end":{"line":89,"column":null}},"42":{"start":{"line":93,"column":2},"end":{"line":93,"column":null}},"43":{"start":{"line":94,"column":2},"end":{"line":94,"column":null}}},"fnMap":{"0":{"name":"cloneCollections","decl":{"start":{"line":5,"column":22},"end":{"line":5,"column":null}},"loc":{"start":{"line":10,"column":17},"end":{"line":94,"column":null}},"line":10}},"branchMap":{"0":{"loc":{"start":{"line":22,"column":6},"end":{"line":22,"column":null}},"type":"if","locations":[{"start":{"line":22,"column":6},"end":{"line":22,"column":null}},{"start":{},"end":{}}],"line":22},"1":{"loc":{"start":{"line":25,"column":6},"end":{"line":25,"column":null}},"type":"if","locations":[{"start":{"line":25,"column":6},"end":{"line":25,"column":null}},{"start":{},"end":{}}],"line":25},"2":{"loc":{"start":{"line":28,"column":20},"end":{"line":28,"column":74}},"type":"cond-expr","locations":[{"start":{"line":28,"column":45},"end":{"line":28,"column":61}},{"start":{"line":28,"column":61},"end":{"line":28,"column":74}}],"line":28},"3":{"loc":{"start":{"line":42,"column":21},"end":{"line":42,"column":null}},"type":"binary-expr","locations":[{"start":{"line":42,"column":21},"end":{"line":42,"column":47}},{"start":{"line":42,"column":47},"end":{"line":42,"column":null}}],"line":42},"4":{"loc":{"start":{"line":57,"column":10},"end":{"line":64,"column":null}},"type":"if","locations":[{"start":{"line":57,"column":10},"end":{"line":64,"column":null}},{"start":{},"end":{}}],"line":57},"5":{"loc":{"start":{"line":61,"column":30},"end":{"line":61,"column":84}},"type":"cond-expr","locations":[{"start":{"line":61,"column":55},"end":{"line":61,"column":71}},{"start":{"line":61,"column":71},"end":{"line":61,"column":84}}],"line":61},"6":{"loc":{"start":{"line":69,"column":24},"end":{"line":69,"column":78}},"type":"cond-expr","locations":[{"start":{"line":69,"column":49},"end":{"line":69,"column":65}},{"start":{"line":69,"column":65},"end":{"line":69,"column":78}}],"line":69},"7":{"loc":{"start":{"line":82,"column":22},"end":{"line":82,"column":76}},"type":"cond-expr","locations":[{"start":{"line":82,"column":47},"end":{"line":82,"column":63}},{"start":{"line":82,"column":63},"end":{"line":82,"column":76}}],"line":82}},"s":{"0":0,"1":0,"2":0,"3":0,"4":0,"5":0,"6":0,"7":0,"8":0,"9":0,"10":0,"11":0,"12":0,"13":0,"14":0,"15":0,"16":0,"17":0,"18":0,"19":0,"20":0,"21":0,"22":0,"23":0,"24":0,"25":0,"26":0,"27":0,"28":0,"29":0,"30":0,"31":0,"32":0,"33":0,"34":0,"35":0,"36":0,"37":0,"38":0,"39":0,"40":0,"41":0,"42":0,"43":0},"f":{"0":0},"b":{"0":[0,0],"1":[0,0],"2":[0,0],"3":[0,0],"4":[0,0],"5":[0,0],"6":[0,0],"7":[0,0]},"meta":{"lastBranch":8,"lastFunction":1,"lastStatement":44,"seen":{"f:5:22:5:Infinity":0,"s:11:15:11:Infinity":0,"s:12:2:12:Infinity":1,"s:15:76:15:78":2,"s:16:19:16:Infinity":3,"s:17:13:17:Infinity":4,"s:19:2:29:Infinity":5,"s:20:4:25:Infinity":6,"s:21:19:21:73":7,"b:22:6:22:Infinity:undefined:undefined:undefined:undefined":0,"s:22:6:22:Infinity":8,"s:22:29:22:Infinity":9,"s:23:6:23:Infinity":10,"s:24:6:24:Infinity":11,"b:25:6:25:Infinity:undefined:undefined:undefined:undefined":1,"s:25:6:25:Infinity":12,"s:25:34:25:Infinity":13,"s:28:20:28:74":14,"b:28:45:28:61:28:61:28:74":2,"s:29:4:29:Infinity":15,"s:32:2:32:Infinity":16,"s:34:16:34:Infinity":17,"s:35:15:35:Infinity":18,"s:37:2:89:Infinity":19,"s:37:15:37:18":20,"s:38:23:38:Infinity":21,"s:39:4:89:Infinity":22,"s:40:28:47:8":23,"b:42:21:42:47:42:47:42:Infinity":3,"s:49:6:49:Infinity":24,"s:50:6:50:Infinity":25,"s:53:6:70:Infinity":26,"s:54:26:54:75":27,"s:55:8:64:Infinity":28,"s:56:27:56:53":29,"b:57:10:64:Infinity:undefined:undefined:undefined:undefined":4,"s:57:10:64:Infinity":30,"s:58:12:64:Infinity":31,"s:59:14:59:Infinity":32,"s:61:30:61:84":33,"b:61:55:61:71:61:71:61:84":5,"s:62:14:64:Infinity":34,"s:69:24:69:78":35,"b:69:49:69:65:69:65:69:78":6,"s:70:8:70:Infinity":36,"s:73:6:79:Infinity":37,"s:81:6:81:Infinity":38,"s:82:22:82:76":39,"b:82:47:82:63:82:63:82:76":7,"s:83:6:83:Infinity":40,"s:84:6:89:Infinity":41,"s:93:2:93:Infinity":42,"s:94:2:94:Infinity":43}}}
}
